INFO - 2021-10-13 05:03:49 --> Curated Query = SELECT
                            profile.profileId,
                            profile.profileNumber,
                            profile.userId,
                            profile.firstName,
                            profile.lastName,
                            CONCAT(
                                profile.firstName,
                                ' ',
                                profile.lastName
                            ) AS `fullName`,
                            profile.gender,
                            profile.dob,
                            profile.height,
                            profile.maritalStatus,
                            profile.city,
                            profile.state,
                            profile.highestEducation,
                            profile.occupation,
                            profile.income,
                            profile.desiredAgeGroup,
                            profile.desiredHeight,
                            profile.desiredMaritalStatus,
                            profile.status,
                            AGE_FROM_DOB(profile.dob) AS `age`,
                            artifact.artifactId,
                            artifact.avatarFileName
                        FROM
                            profile
                        LEFT JOIN artifact ON profile.userId = artifact.userId
                        WHERE AGE_FROM_DOB( profile.dob) >= SPLIT_STR('21-23','-',1) AND 
                         AGE_FROM_DOB( profile.dob) <= SPLIT_STR('21-23','-',2) AND  profile.height >= SPLIT_STR('40-50','-',1) AND 
                        profile.height <= SPLIT_STR('40-50','-',2) AND 'Single,Widowed' 
                        LIKE CONCAT('%',profile.maritalStatus,'%') AND profile.gender != 'Male' AND profile.userId != 26 AND profile.status = 'ACTIVE'
INFO - 2021-10-13 05:03:51 --> Curated Query = SELECT
                            profile.profileId,
                            profile.profileNumber,
                            profile.userId,
                            profile.firstName,
                            profile.lastName,
                            CONCAT(
                                profile.firstName,
                                ' ',
                                profile.lastName
                            ) AS `fullName`,
                            profile.gender,
                            profile.dob,
                            profile.height,
                            profile.maritalStatus,
                            profile.city,
                            profile.state,
                            profile.highestEducation,
                            profile.occupation,
                            profile.income,
                            profile.desiredAgeGroup,
                            profile.desiredHeight,
                            profile.desiredMaritalStatus,
                            profile.status,
                            AGE_FROM_DOB(profile.dob) AS `age`,
                            artifact.artifactId,
                            artifact.avatarFileName
                        FROM
                            profile
                        LEFT JOIN artifact ON profile.userId = artifact.userId
                        WHERE AGE_FROM_DOB( profile.dob) >= SPLIT_STR('21-23','-',1) AND 
                         AGE_FROM_DOB( profile.dob) <= SPLIT_STR('21-23','-',2) AND  profile.height >= SPLIT_STR('40-50','-',1) AND 
                        profile.height <= SPLIT_STR('40-50','-',2) AND 'Single,Widowed' 
                        LIKE CONCAT('%',profile.maritalStatus,'%') AND profile.gender != 'Male' AND profile.userId != 26 AND profile.status = 'ACTIVE'
INFO - 2021-10-13 05:03:55 --> Curated Query = SELECT
                            profile.profileId,
                            profile.profileNumber,
                            profile.userId,
                            profile.firstName,
                            profile.lastName,
                            CONCAT(
                                profile.firstName,
                                ' ',
                                profile.lastName
                            ) AS `fullName`,
                            profile.gender,
                            profile.dob,
                            profile.height,
                            profile.maritalStatus,
                            profile.city,
                            profile.state,
                            profile.highestEducation,
                            profile.occupation,
                            profile.income,
                            profile.desiredAgeGroup,
                            profile.desiredHeight,
                            profile.desiredMaritalStatus,
                            profile.status,
                            AGE_FROM_DOB(profile.dob) AS `age`,
                            artifact.artifactId,
                            artifact.avatarFileName
                        FROM
                            profile
                        LEFT JOIN artifact ON profile.userId = artifact.userId
                        WHERE AGE_FROM_DOB( profile.dob) >= SPLIT_STR('21-23','-',1) AND 
                         AGE_FROM_DOB( profile.dob) <= SPLIT_STR('21-23','-',2) AND  profile.height >= SPLIT_STR('40-50','-',1) AND 
                        profile.height <= SPLIT_STR('40-50','-',2) AND 'Single,Widowed' 
                        LIKE CONCAT('%',profile.maritalStatus,'%') AND profile.gender != 'Male' AND profile.userId != 26 AND profile.status = 'ACTIVE'
INFO - 2021-10-13 05:03:58 --> Curated Query = SELECT
                            profile.profileId,
                            profile.profileNumber,
                            profile.userId,
                            profile.firstName,
                            profile.lastName,
                            CONCAT(
                                profile.firstName,
                                ' ',
                                profile.lastName
                            ) AS `fullName`,
                            profile.gender,
                            profile.dob,
                            profile.height,
                            profile.maritalStatus,
                            profile.city,
                            profile.state,
                            profile.highestEducation,
                            profile.occupation,
                            profile.income,
                            profile.desiredAgeGroup,
                            profile.desiredHeight,
                            profile.desiredMaritalStatus,
                            profile.status,
                            AGE_FROM_DOB(profile.dob) AS `age`,
                            artifact.artifactId,
                            artifact.avatarFileName
                        FROM
                            profile
                        LEFT JOIN artifact ON profile.userId = artifact.userId
                        WHERE AGE_FROM_DOB( profile.dob) >= SPLIT_STR('21-23','-',1) AND 
                         AGE_FROM_DOB( profile.dob) <= SPLIT_STR('21-23','-',2) AND  profile.height >= SPLIT_STR('40-50','-',1) AND 
                        profile.height <= SPLIT_STR('40-50','-',2) AND 'Single,Widowed' 
                        LIKE CONCAT('%',profile.maritalStatus,'%') AND profile.gender != 'Male' AND profile.userId != 26 AND profile.status = 'ACTIVE'
INFO - 2021-10-13 05:04:09 --> Curated Query = SELECT
                            profile.profileId,
                            profile.profileNumber,
                            profile.userId,
                            profile.firstName,
                            profile.lastName,
                            CONCAT(
                                profile.firstName,
                                ' ',
                                profile.lastName
                            ) AS `fullName`,
                            profile.gender,
                            profile.dob,
                            profile.height,
                            profile.maritalStatus,
                            profile.city,
                            profile.state,
                            profile.highestEducation,
                            profile.occupation,
                            profile.income,
                            profile.desiredAgeGroup,
                            profile.desiredHeight,
                            profile.desiredMaritalStatus,
                            profile.status,
                            AGE_FROM_DOB(profile.dob) AS `age`,
                            artifact.artifactId,
                            artifact.avatarFileName
                        FROM
                            profile
                        LEFT JOIN artifact ON profile.userId = artifact.userId
                        WHERE AGE_FROM_DOB( profile.dob) >= SPLIT_STR('21-23','-',1) AND 
                         AGE_FROM_DOB( profile.dob) <= SPLIT_STR('21-23','-',2) AND  profile.height >= SPLIT_STR('40-50','-',1) AND 
                        profile.height <= SPLIT_STR('40-50','-',2) AND 'Single,Widowed' 
                        LIKE CONCAT('%',profile.maritalStatus,'%') AND profile.gender != 'Male' AND profile.userId != 26 AND profile.status = 'ACTIVE'
INFO - 2021-10-13 05:04:13 --> Curated Query = SELECT
                            profile.profileId,
                            profile.profileNumber,
                            profile.userId,
                            profile.firstName,
                            profile.lastName,
                            CONCAT(
                                profile.firstName,
                                ' ',
                                profile.lastName
                            ) AS `fullName`,
                            profile.gender,
                            profile.dob,
                            profile.height,
                            profile.maritalStatus,
                            profile.city,
                            profile.state,
                            profile.highestEducation,
                            profile.occupation,
                            profile.income,
                            profile.desiredAgeGroup,
                            profile.desiredHeight,
                            profile.desiredMaritalStatus,
                            profile.status,
                            AGE_FROM_DOB(profile.dob) AS `age`,
                            artifact.artifactId,
                            artifact.avatarFileName
                        FROM
                            profile
                        LEFT JOIN artifact ON profile.userId = artifact.userId
                        WHERE AGE_FROM_DOB( profile.dob) >= SPLIT_STR('21-23','-',1) AND 
                         AGE_FROM_DOB( profile.dob) <= SPLIT_STR('21-23','-',2) AND  profile.height >= SPLIT_STR('40-50','-',1) AND 
                        profile.height <= SPLIT_STR('40-50','-',2) AND 'Single,Widowed' 
                        LIKE CONCAT('%',profile.maritalStatus,'%') AND profile.gender != 'Male' AND profile.userId != 26 AND profile.status = 'ACTIVE'
INFO - 2021-10-13 05:04:15 --> Curated Query = SELECT
                            profile.profileId,
                            profile.profileNumber,
                            profile.userId,
                            profile.firstName,
                            profile.lastName,
                            CONCAT(
                                profile.firstName,
                                ' ',
                                profile.lastName
                            ) AS `fullName`,
                            profile.gender,
                            profile.dob,
                            profile.height,
                            profile.maritalStatus,
                            profile.city,
                            profile.state,
                            profile.highestEducation,
                            profile.occupation,
                            profile.income,
                            profile.desiredAgeGroup,
                            profile.desiredHeight,
                            profile.desiredMaritalStatus,
                            profile.status,
                            AGE_FROM_DOB(profile.dob) AS `age`,
                            artifact.artifactId,
                            artifact.avatarFileName
                        FROM
                            profile
                        LEFT JOIN artifact ON profile.userId = artifact.userId
                        WHERE AGE_FROM_DOB( profile.dob) >= SPLIT_STR('21-23','-',1) AND 
                         AGE_FROM_DOB( profile.dob) <= SPLIT_STR('21-23','-',2) AND  profile.height >= SPLIT_STR('40-50','-',1) AND 
                        profile.height <= SPLIT_STR('40-50','-',2) AND 'Single,Widowed' 
                        LIKE CONCAT('%',profile.maritalStatus,'%') AND profile.gender != 'Male' AND profile.userId != 26 AND profile.status = 'ACTIVE'
INFO - 2021-10-13 05:04:17 --> Curated Query = SELECT
                            profile.profileId,
                            profile.profileNumber,
                            profile.userId,
                            profile.firstName,
                            profile.lastName,
                            CONCAT(
                                profile.firstName,
                                ' ',
                                profile.lastName
                            ) AS `fullName`,
                            profile.gender,
                            profile.dob,
                            profile.height,
                            profile.maritalStatus,
                            profile.city,
                            profile.state,
                            profile.highestEducation,
                            profile.occupation,
                            profile.income,
                            profile.desiredAgeGroup,
                            profile.desiredHeight,
                            profile.desiredMaritalStatus,
                            profile.status,
                            AGE_FROM_DOB(profile.dob) AS `age`,
                            artifact.artifactId,
                            artifact.avatarFileName
                        FROM
                            profile
                        LEFT JOIN artifact ON profile.userId = artifact.userId
                        WHERE AGE_FROM_DOB( profile.dob) >= SPLIT_STR('21-23','-',1) AND 
                         AGE_FROM_DOB( profile.dob) <= SPLIT_STR('21-23','-',2) AND  profile.height >= SPLIT_STR('40-50','-',1) AND 
                        profile.height <= SPLIT_STR('40-50','-',2) AND 'Single,Widowed' 
                        LIKE CONCAT('%',profile.maritalStatus,'%') AND profile.gender != 'Male' AND profile.userId != 26 AND profile.status = 'ACTIVE'
INFO - 2021-10-13 05:31:01 --> Curated Query = SELECT
                            profile.profileId,
                            profile.profileNumber,
                            profile.userId,
                            profile.firstName,
                            profile.lastName,
                            CONCAT(
                                profile.firstName,
                                ' ',
                                profile.lastName
                            ) AS `fullName`,
                            profile.gender,
                            profile.dob,
                            profile.height,
                            profile.maritalStatus,
                            profile.city,
                            profile.state,
                            profile.highestEducation,
                            profile.occupation,
                            profile.income,
                            profile.desiredAgeGroup,
                            profile.desiredHeight,
                            profile.desiredMaritalStatus,
                            profile.status,
                            AGE_FROM_DOB(profile.dob) AS `age`,
                            artifact.artifactId,
                            artifact.avatarFileName
                        FROM
                            profile
                        LEFT JOIN artifact ON profile.userId = artifact.userId
                        WHERE AGE_FROM_DOB( profile.dob) >= SPLIT_STR('21-23','-',1) AND 
                         AGE_FROM_DOB( profile.dob) <= SPLIT_STR('21-23','-',2) AND  profile.height >= SPLIT_STR('40-50','-',1) AND 
                        profile.height <= SPLIT_STR('40-50','-',2) AND 'Single,Widowed' 
                        LIKE CONCAT('%',profile.maritalStatus,'%') AND profile.gender != 'Male' AND profile.userId != 26 AND profile.status = 'ACTIVE'
INFO - 2021-10-13 06:29:15 --> Token error: Firebase\JWT\ExpiredException: Expired token in C:\xampp\htdocs\sbatMatrimony\server\vendor\firebase\php-jwt\src\JWT.php:149
Stack trace:
#0 C:\xampp\htdocs\sbatMatrimony\server\app\Libraries\Apiserver.php(32): Firebase\JWT\JWT::decode('eyJ0eXAiOiJKV1Q...', 'NklOUDFSNThVUXV...', Array)
#1 C:\xampp\htdocs\sbatMatrimony\server\app\Controllers\RestApiBaseController.php(25): App\Libraries\Apiserver->validateToken('eyJ0eXAiOiJKV1Q...')
#2 C:\xampp\htdocs\sbatMatrimony\server\app\Controllers\Listing.php(19): App\Controllers\RestApiBaseController->__construct()
#3 C:\xampp\htdocs\sbatMatrimony\server\system\CodeIgniter.php(908): App\Controllers\Listing->__construct()
#4 C:\xampp\htdocs\sbatMatrimony\server\system\CodeIgniter.php(422): CodeIgniter\CodeIgniter->createController()
#5 C:\xampp\htdocs\sbatMatrimony\server\system\CodeIgniter.php(333): CodeIgniter\CodeIgniter->handleRequest(NULL, Object(Config\Cache), false)
#6 C:\xampp\htdocs\sbatMatrimony\server\index.php(44): CodeIgniter\CodeIgniter->run()
#7 {main}
INFO - 2021-10-13 07:10:20 --> Token error: Firebase\JWT\ExpiredException: Expired token in C:\xampp\htdocs\sbatMatrimony\server\vendor\firebase\php-jwt\src\JWT.php:149
Stack trace:
#0 C:\xampp\htdocs\sbatMatrimony\server\app\Libraries\Apiserver.php(32): Firebase\JWT\JWT::decode('eyJ0eXAiOiJKV1Q...', 'NklOUDFSNThVUXV...', Array)
#1 C:\xampp\htdocs\sbatMatrimony\server\app\Controllers\RestApiBaseController.php(25): App\Libraries\Apiserver->validateToken('eyJ0eXAiOiJKV1Q...')
#2 C:\xampp\htdocs\sbatMatrimony\server\app\Controllers\Profile.php(19): App\Controllers\RestApiBaseController->__construct()
#3 C:\xampp\htdocs\sbatMatrimony\server\system\CodeIgniter.php(908): App\Controllers\Profile->__construct()
#4 C:\xampp\htdocs\sbatMatrimony\server\system\CodeIgniter.php(422): CodeIgniter\CodeIgniter->createController()
#5 C:\xampp\htdocs\sbatMatrimony\server\system\CodeIgniter.php(333): CodeIgniter\CodeIgniter->handleRequest(NULL, Object(Config\Cache), false)
#6 C:\xampp\htdocs\sbatMatrimony\server\index.php(44): CodeIgniter\CodeIgniter->run()
#7 {main}
INFO - 2021-10-13 07:10:26 --> Token error: Firebase\JWT\ExpiredException: Expired token in C:\xampp\htdocs\sbatMatrimony\server\vendor\firebase\php-jwt\src\JWT.php:149
Stack trace:
#0 C:\xampp\htdocs\sbatMatrimony\server\app\Libraries\Apiserver.php(32): Firebase\JWT\JWT::decode('eyJ0eXAiOiJKV1Q...', 'NklOUDFSNThVUXV...', Array)
#1 C:\xampp\htdocs\sbatMatrimony\server\app\Controllers\RestApiBaseController.php(25): App\Libraries\Apiserver->validateToken('eyJ0eXAiOiJKV1Q...')
#2 C:\xampp\htdocs\sbatMatrimony\server\app\Controllers\Profile.php(19): App\Controllers\RestApiBaseController->__construct()
#3 C:\xampp\htdocs\sbatMatrimony\server\system\CodeIgniter.php(908): App\Controllers\Profile->__construct()
#4 C:\xampp\htdocs\sbatMatrimony\server\system\CodeIgniter.php(422): CodeIgniter\CodeIgniter->createController()
#5 C:\xampp\htdocs\sbatMatrimony\server\system\CodeIgniter.php(333): CodeIgniter\CodeIgniter->handleRequest(NULL, Object(Config\Cache), false)
#6 C:\xampp\htdocs\sbatMatrimony\server\index.php(44): CodeIgniter\CodeIgniter->run()
#7 {main}
INFO - 2021-10-13 07:13:19 --> Curated Query = SELECT
                            profile.profileId,
                            profile.profileNumber,
                            profile.userId,
                            profile.firstName,
                            profile.lastName,
                            CONCAT(
                                profile.firstName,
                                ' ',
                                profile.lastName
                            ) AS `fullName`,
                            profile.gender,
                            profile.dob,
                            profile.height,
                            profile.maritalStatus,
                            profile.city,
                            profile.state,
                            profile.highestEducation,
                            profile.occupation,
                            profile.income,
                            profile.desiredAgeGroup,
                            profile.desiredHeight,
                            profile.desiredMaritalStatus,
                            profile.status,
                            AGE_FROM_DOB(profile.dob) AS `age`,
                            artifact.artifactId,
                            artifact.avatarFileName
                        FROM
                            profile
                        LEFT JOIN artifact ON profile.userId = artifact.userId
                        WHERE AGE_FROM_DOB( profile.dob) >= SPLIT_STR('21-23','-',1) AND 
                         AGE_FROM_DOB( profile.dob) <= SPLIT_STR('21-23','-',2) AND  profile.height >= SPLIT_STR('40-50','-',1) AND 
                        profile.height <= SPLIT_STR('40-50','-',2) AND 'Single,Widowed' 
                        LIKE CONCAT('%',profile.maritalStatus,'%') AND '' 
                        LIKE CONCAT('%',profile.gotra,'%') AND profile.gender != 'Male' AND profile.userId != 26 AND profile.status = 'ACTIVE'
INFO - 2021-10-13 07:13:20 --> Curated Query = SELECT
                            profile.profileId,
                            profile.profileNumber,
                            profile.userId,
                            profile.firstName,
                            profile.lastName,
                            CONCAT(
                                profile.firstName,
                                ' ',
                                profile.lastName
                            ) AS `fullName`,
                            profile.gender,
                            profile.dob,
                            profile.height,
                            profile.maritalStatus,
                            profile.city,
                            profile.state,
                            profile.highestEducation,
                            profile.occupation,
                            profile.income,
                            profile.desiredAgeGroup,
                            profile.desiredHeight,
                            profile.desiredMaritalStatus,
                            profile.status,
                            AGE_FROM_DOB(profile.dob) AS `age`,
                            artifact.artifactId,
                            artifact.avatarFileName
                        FROM
                            profile
                        LEFT JOIN artifact ON profile.userId = artifact.userId
                        WHERE AGE_FROM_DOB( profile.dob) >= SPLIT_STR('21-23','-',1) AND 
                         AGE_FROM_DOB( profile.dob) <= SPLIT_STR('21-23','-',2) AND  profile.height >= SPLIT_STR('40-50','-',1) AND 
                        profile.height <= SPLIT_STR('40-50','-',2) AND '' 
                        LIKE CONCAT('%',profile.gotra,'%') AND profile.gender != 'Male' AND profile.userId != 26 AND profile.status = 'ACTIVE'
INFO - 2021-10-13 07:13:21 --> Curated Query = SELECT
                            profile.profileId,
                            profile.profileNumber,
                            profile.userId,
                            profile.firstName,
                            profile.lastName,
                            CONCAT(
                                profile.firstName,
                                ' ',
                                profile.lastName
                            ) AS `fullName`,
                            profile.gender,
                            profile.dob,
                            profile.height,
                            profile.maritalStatus,
                            profile.city,
                            profile.state,
                            profile.highestEducation,
                            profile.occupation,
                            profile.income,
                            profile.desiredAgeGroup,
                            profile.desiredHeight,
                            profile.desiredMaritalStatus,
                            profile.status,
                            AGE_FROM_DOB(profile.dob) AS `age`,
                            artifact.artifactId,
                            artifact.avatarFileName
                        FROM
                            profile
                        LEFT JOIN artifact ON profile.userId = artifact.userId
                        WHERE AGE_FROM_DOB( profile.dob) >= SPLIT_STR('21-23','-',1) AND 
                         AGE_FROM_DOB( profile.dob) <= SPLIT_STR('21-23','-',2) AND '' 
                        LIKE CONCAT('%',profile.gotra,'%') AND profile.gender != 'Male' AND profile.userId != 26 AND profile.status = 'ACTIVE'
INFO - 2021-10-13 07:13:22 --> Curated Query = SELECT
                            profile.profileId,
                            profile.profileNumber,
                            profile.userId,
                            profile.firstName,
                            profile.lastName,
                            CONCAT(
                                profile.firstName,
                                ' ',
                                profile.lastName
                            ) AS `fullName`,
                            profile.gender,
                            profile.dob,
                            profile.height,
                            profile.maritalStatus,
                            profile.city,
                            profile.state,
                            profile.highestEducation,
                            profile.occupation,
                            profile.income,
                            profile.desiredAgeGroup,
                            profile.desiredHeight,
                            profile.desiredMaritalStatus,
                            profile.status,
                            AGE_FROM_DOB(profile.dob) AS `age`,
                            artifact.artifactId,
                            artifact.avatarFileName
                        FROM
                            profile
                        LEFT JOIN artifact ON profile.userId = artifact.userId
                        WHERE AGE_FROM_DOB( profile.dob) >= SPLIT_STR('21-23','-',1) AND 
                         AGE_FROM_DOB( profile.dob) <= SPLIT_STR('21-23','-',2) AND profile.gender != 'Male' AND profile.userId != 26 AND profile.status = 'ACTIVE'
INFO - 2021-10-13 07:13:27 --> Curated Query = SELECT
                            profile.profileId,
                            profile.profileNumber,
                            profile.userId,
                            profile.firstName,
                            profile.lastName,
                            CONCAT(
                                profile.firstName,
                                ' ',
                                profile.lastName
                            ) AS `fullName`,
                            profile.gender,
                            profile.dob,
                            profile.height,
                            profile.maritalStatus,
                            profile.city,
                            profile.state,
                            profile.highestEducation,
                            profile.occupation,
                            profile.income,
                            profile.desiredAgeGroup,
                            profile.desiredHeight,
                            profile.desiredMaritalStatus,
                            profile.status,
                            AGE_FROM_DOB(profile.dob) AS `age`,
                            artifact.artifactId,
                            artifact.avatarFileName
                        FROM
                            profile
                        LEFT JOIN artifact ON profile.userId = artifact.userId
                        WHERE AGE_FROM_DOB( profile.dob) >= SPLIT_STR('21-23','-',1) AND 
                         AGE_FROM_DOB( profile.dob) <= SPLIT_STR('21-23','-',2) AND  profile.height >= SPLIT_STR('40-50','-',1) AND 
                        profile.height <= SPLIT_STR('40-50','-',2) AND profile.gender != 'Male' AND profile.userId != 26 AND profile.status = 'ACTIVE'
INFO - 2021-10-13 07:13:32 --> Curated Query = SELECT
                            profile.profileId,
                            profile.profileNumber,
                            profile.userId,
                            profile.firstName,
                            profile.lastName,
                            CONCAT(
                                profile.firstName,
                                ' ',
                                profile.lastName
                            ) AS `fullName`,
                            profile.gender,
                            profile.dob,
                            profile.height,
                            profile.maritalStatus,
                            profile.city,
                            profile.state,
                            profile.highestEducation,
                            profile.occupation,
                            profile.income,
                            profile.desiredAgeGroup,
                            profile.desiredHeight,
                            profile.desiredMaritalStatus,
                            profile.status,
                            AGE_FROM_DOB(profile.dob) AS `age`,
                            artifact.artifactId,
                            artifact.avatarFileName
                        FROM
                            profile
                        LEFT JOIN artifact ON profile.userId = artifact.userId
                        WHERE AGE_FROM_DOB( profile.dob) >= SPLIT_STR('21-23','-',1) AND 
                         AGE_FROM_DOB( profile.dob) <= SPLIT_STR('21-23','-',2) AND  profile.height >= SPLIT_STR('40-50','-',1) AND 
                        profile.height <= SPLIT_STR('40-50','-',2) AND 'Single,Widowed' 
                        LIKE CONCAT('%',profile.maritalStatus,'%') AND profile.gender != 'Male' AND profile.userId != 26 AND profile.status = 'ACTIVE'
INFO - 2021-10-13 07:13:35 --> Curated Query = SELECT
                            profile.profileId,
                            profile.profileNumber,
                            profile.userId,
                            profile.firstName,
                            profile.lastName,
                            CONCAT(
                                profile.firstName,
                                ' ',
                                profile.lastName
                            ) AS `fullName`,
                            profile.gender,
                            profile.dob,
                            profile.height,
                            profile.maritalStatus,
                            profile.city,
                            profile.state,
                            profile.highestEducation,
                            profile.occupation,
                            profile.income,
                            profile.desiredAgeGroup,
                            profile.desiredHeight,
                            profile.desiredMaritalStatus,
                            profile.status,
                            AGE_FROM_DOB(profile.dob) AS `age`,
                            artifact.artifactId,
                            artifact.avatarFileName
                        FROM
                            profile
                        LEFT JOIN artifact ON profile.userId = artifact.userId
                        WHERE AGE_FROM_DOB( profile.dob) >= SPLIT_STR('21-23','-',1) AND 
                         AGE_FROM_DOB( profile.dob) <= SPLIT_STR('21-23','-',2) AND 'Single,Widowed' 
                        LIKE CONCAT('%',profile.maritalStatus,'%') AND profile.gender != 'Male' AND profile.userId != 26 AND profile.status = 'ACTIVE'
INFO - 2021-10-13 07:13:38 --> Curated Query = SELECT
                            profile.profileId,
                            profile.profileNumber,
                            profile.userId,
                            profile.firstName,
                            profile.lastName,
                            CONCAT(
                                profile.firstName,
                                ' ',
                                profile.lastName
                            ) AS `fullName`,
                            profile.gender,
                            profile.dob,
                            profile.height,
                            profile.maritalStatus,
                            profile.city,
                            profile.state,
                            profile.highestEducation,
                            profile.occupation,
                            profile.income,
                            profile.desiredAgeGroup,
                            profile.desiredHeight,
                            profile.desiredMaritalStatus,
                            profile.status,
                            AGE_FROM_DOB(profile.dob) AS `age`,
                            artifact.artifactId,
                            artifact.avatarFileName
                        FROM
                            profile
                        LEFT JOIN artifact ON profile.userId = artifact.userId
                        WHERE AGE_FROM_DOB( profile.dob) >= SPLIT_STR('21-23','-',1) AND 
                         AGE_FROM_DOB( profile.dob) <= SPLIT_STR('21-23','-',2) AND profile.gender != 'Male' AND profile.userId != 26 AND profile.status = 'ACTIVE'
