INFO - 2021-11-11 00:06:41 --> Curated Query = SELECT
                            profile.profileId,
                            profile.profileNumber,
                            profile.userId,
                            profile.firstName,
                            profile.lastName,
                            CONCAT(
                                profile.firstName,
                                ' ',
                                profile.lastName
                            ) AS `fullName`,
                            profile.gender,
                            profile.dob,
                            profile.height,
                            profile.maritalStatus,
                            profile.city,
                            profile.state,
                            profile.highestEducation,
                            profile.occupation,
                            profile.income,
                            profile.desiredAgeGroup,
                            profile.desiredHeight,
                            profile.desiredMaritalStatus,
                            profile.status,
                            AGE_FROM_DOB(profile.dob) AS `age`,
                            artifact.artifactId,
                            artifact.avatarFileName
                        FROM
                            profile
                        LEFT JOIN artifact ON profile.userId = artifact.userId
                        WHERE AGE_FROM_DOB( profile.dob) >= SPLIT_STR('24-27','-',1) AND 
                         AGE_FROM_DOB( profile.dob) <= SPLIT_STR('24-27','-',2) AND '' 
                        LIKE CONCAT('%',profile.caste,'%') AND profile.gender != 'Male' AND profile.userId != 2 AND profile.status = 'ACTIVE'
INFO - 2021-11-11 00:20:50 --> Curated Query = SELECT
                            profile.profileId,
                            profile.profileNumber,
                            profile.userId,
                            profile.firstName,
                            profile.lastName,
                            CONCAT(
                                profile.firstName,
                                ' ',
                                profile.lastName
                            ) AS `fullName`,
                            profile.gender,
                            profile.dob,
                            profile.height,
                            profile.maritalStatus,
                            profile.city,
                            profile.state,
                            profile.highestEducation,
                            profile.occupation,
                            profile.income,
                            profile.desiredAgeGroup,
                            profile.desiredHeight,
                            profile.desiredMaritalStatus,
                            profile.status,
                            AGE_FROM_DOB(profile.dob) AS `age`,
                            artifact.artifactId,
                            artifact.avatarFileName
                        FROM
                            profile
                        LEFT JOIN artifact ON profile.userId = artifact.userId
                        WHERE AGE_FROM_DOB( profile.dob) >= SPLIT_STR('','-',1) AND 
                         AGE_FROM_DOB( profile.dob) <= SPLIT_STR('','-',2) AND '' 
                        LIKE CONCAT('%',profile.gotra,'%') AND profile.gender != '' AND profile.userId !=  AND profile.status = 'ACTIVE'
ERROR - 2021-11-11 00:20:50 --> mysqli_sql_exception: You have an error in your SQL syntax; check the manual that corresponds to your MariaDB server version for the right syntax to use near 'AND profile.status = 'ACTIVE'' at line 33 in C:\xampp\htdocs\sbatMatrimony\server\system\Database\MySQLi\Connection.php:314
Stack trace:
#0 C:\xampp\htdocs\sbatMatrimony\server\system\Database\MySQLi\Connection.php(314): mysqli->query('SELECT\r\n       ...')
#1 C:\xampp\htdocs\sbatMatrimony\server\system\Database\BaseConnection.php(713): CodeIgniter\Database\MySQLi\Connection->execute('SELECT\r\n       ...')
#2 C:\xampp\htdocs\sbatMatrimony\server\system\Database\BaseConnection.php(641): CodeIgniter\Database\BaseConnection->simpleQuery('SELECT\r\n       ...')
#3 C:\xampp\htdocs\sbatMatrimony\server\app\Controllers\Listing.php(104): CodeIgniter\Database\BaseConnection->query('SELECT\r\n       ...')
#4 C:\xampp\htdocs\sbatMatrimony\server\system\CodeIgniter.php(936): App\Controllers\Listing->getListByTags()
#5 C:\xampp\htdocs\sbatMatrimony\server\system\CodeIgniter.php(432): CodeIgniter\CodeIgniter->runController(Object(App\Controllers\Listing))
#6 C:\xampp\htdocs\sbatMatrimony\server\system\CodeIgniter.php(333): CodeIgniter\CodeIgniter->handleRequest(NULL, Object(Config\Cache), false)
#7 C:\xampp\htdocs\sbatMatrimony\server\index.php(44): CodeIgniter\CodeIgniter->run()
#8 {main}
INFO - 2021-11-11 00:20:50 --> Could not fetch profile data: mysqli_sql_exception: You have an error in your SQL syntax; check the manual that corresponds to your MariaDB server version for the right syntax to use near 'AND profile.status = 'ACTIVE'' at line 33 in C:\xampp\htdocs\sbatMatrimony\server\system\Database\MySQLi\Connection.php:314
Stack trace:
#0 C:\xampp\htdocs\sbatMatrimony\server\system\Database\MySQLi\Connection.php(314): mysqli->query('SELECT\r\n       ...')
#1 C:\xampp\htdocs\sbatMatrimony\server\system\Database\BaseConnection.php(713): CodeIgniter\Database\MySQLi\Connection->execute('SELECT\r\n       ...')
#2 C:\xampp\htdocs\sbatMatrimony\server\system\Database\BaseConnection.php(641): CodeIgniter\Database\BaseConnection->simpleQuery('SELECT\r\n       ...')
#3 C:\xampp\htdocs\sbatMatrimony\server\app\Controllers\Listing.php(104): CodeIgniter\Database\BaseConnection->query('SELECT\r\n       ...')
#4 C:\xampp\htdocs\sbatMatrimony\server\system\CodeIgniter.php(936): App\Controllers\Listing->getListByTags()
#5 C:\xampp\htdocs\sbatMatrimony\server\system\CodeIgniter.php(432): CodeIgniter\CodeIgniter->runController(Object(App\Controllers\Listing))
#6 C:\xampp\htdocs\sbatMatrimony\server\system\CodeIgniter.php(333): CodeIgniter\CodeIgniter->handleRequest(NULL, Object(Config\Cache), false)
#7 C:\xampp\htdocs\sbatMatrimony\server\index.php(44): CodeIgniter\CodeIgniter->run()
#8 {main}
INFO - 2021-11-11 00:40:23 --> Curated Query = SELECT
                            profile.profileId,
                            profile.profileNumber,
                            profile.userId,
                            profile.firstName,
                            profile.lastName,
                            CONCAT(
                                profile.firstName,
                                ' ',
                                profile.lastName
                            ) AS `fullName`,
                            profile.gender,
                            profile.dob,
                            profile.height,
                            profile.maritalStatus,
                            profile.city,
                            profile.state,
                            profile.highestEducation,
                            profile.occupation,
                            profile.income,
                            profile.desiredAgeGroup,
                            profile.desiredHeight,
                            profile.desiredMaritalStatus,
                            profile.status,
                            AGE_FROM_DOB(profile.dob) AS `age`,
                            artifact.artifactId,
                            artifact.avatarFileName
                        FROM
                            profile
                        LEFT JOIN artifact ON profile.userId = artifact.userId
                        WHERE AGE_FROM_DOB( profile.dob) >= SPLIT_STR('24-27','-',1) AND 
                         AGE_FROM_DOB( profile.dob) <= SPLIT_STR('24-27','-',2) AND '' 
                        LIKE CONCAT('%',profile.gotra,'%') AND profile.gender != 'Male' AND profile.userId != 2 AND profile.status = 'ACTIVE'
INFO - 2021-11-11 00:40:25 --> Curated Query = SELECT
                            profile.profileId,
                            profile.profileNumber,
                            profile.userId,
                            profile.firstName,
                            profile.lastName,
                            CONCAT(
                                profile.firstName,
                                ' ',
                                profile.lastName
                            ) AS `fullName`,
                            profile.gender,
                            profile.dob,
                            profile.height,
                            profile.maritalStatus,
                            profile.city,
                            profile.state,
                            profile.highestEducation,
                            profile.occupation,
                            profile.income,
                            profile.desiredAgeGroup,
                            profile.desiredHeight,
                            profile.desiredMaritalStatus,
                            profile.status,
                            AGE_FROM_DOB(profile.dob) AS `age`,
                            artifact.artifactId,
                            artifact.avatarFileName
                        FROM
                            profile
                        LEFT JOIN artifact ON profile.userId = artifact.userId
                        WHERE AGE_FROM_DOB( profile.dob) >= SPLIT_STR('24-27','-',1) AND 
                         AGE_FROM_DOB( profile.dob) <= SPLIT_STR('24-27','-',2) AND profile.gender != 'Male' AND profile.userId != 2 AND profile.status = 'ACTIVE'
INFO - 2021-11-11 00:40:26 --> Curated Query = SELECT
                            profile.profileId,
                            profile.profileNumber,
                            profile.userId,
                            profile.firstName,
                            profile.lastName,
                            CONCAT(
                                profile.firstName,
                                ' ',
                                profile.lastName
                            ) AS `fullName`,
                            profile.gender,
                            profile.dob,
                            profile.height,
                            profile.maritalStatus,
                            profile.city,
                            profile.state,
                            profile.highestEducation,
                            profile.occupation,
                            profile.income,
                            profile.desiredAgeGroup,
                            profile.desiredHeight,
                            profile.desiredMaritalStatus,
                            profile.status,
                            AGE_FROM_DOB(profile.dob) AS `age`,
                            artifact.artifactId,
                            artifact.avatarFileName
                        FROM
                            profile
                        LEFT JOIN artifact ON profile.userId = artifact.userId
                        WHERE AGE_FROM_DOB( profile.dob) >= SPLIT_STR('24-27','-',1) AND 
                         AGE_FROM_DOB( profile.dob) <= SPLIT_STR('24-27','-',2) AND '' 
                        LIKE CONCAT('%',profile.gotra,'%') AND profile.gender != 'Male' AND profile.userId != 2 AND profile.status = 'ACTIVE'
INFO - 2021-11-11 00:40:27 --> Curated Query = SELECT
                            profile.profileId,
                            profile.profileNumber,
                            profile.userId,
                            profile.firstName,
                            profile.lastName,
                            CONCAT(
                                profile.firstName,
                                ' ',
                                profile.lastName
                            ) AS `fullName`,
                            profile.gender,
                            profile.dob,
                            profile.height,
                            profile.maritalStatus,
                            profile.city,
                            profile.state,
                            profile.highestEducation,
                            profile.occupation,
                            profile.income,
                            profile.desiredAgeGroup,
                            profile.desiredHeight,
                            profile.desiredMaritalStatus,
                            profile.status,
                            AGE_FROM_DOB(profile.dob) AS `age`,
                            artifact.artifactId,
                            artifact.avatarFileName
                        FROM
                            profile
                        LEFT JOIN artifact ON profile.userId = artifact.userId
                        WHERE AGE_FROM_DOB( profile.dob) >= SPLIT_STR('24-27','-',1) AND 
                         AGE_FROM_DOB( profile.dob) <= SPLIT_STR('24-27','-',2) AND '' 
                        LIKE CONCAT('%',profile.caste,'%') AND '' 
                        LIKE CONCAT('%',profile.gotra,'%') AND profile.gender != 'Male' AND profile.userId != 2 AND profile.status = 'ACTIVE'
INFO - 2021-11-11 00:40:31 --> Curated Query = SELECT
                            profile.profileId,
                            profile.profileNumber,
                            profile.userId,
                            profile.firstName,
                            profile.lastName,
                            CONCAT(
                                profile.firstName,
                                ' ',
                                profile.lastName
                            ) AS `fullName`,
                            profile.gender,
                            profile.dob,
                            profile.height,
                            profile.maritalStatus,
                            profile.city,
                            profile.state,
                            profile.highestEducation,
                            profile.occupation,
                            profile.income,
                            profile.desiredAgeGroup,
                            profile.desiredHeight,
                            profile.desiredMaritalStatus,
                            profile.status,
                            AGE_FROM_DOB(profile.dob) AS `age`,
                            artifact.artifactId,
                            artifact.avatarFileName
                        FROM
                            profile
                        LEFT JOIN artifact ON profile.userId = artifact.userId
                        WHERE AGE_FROM_DOB( profile.dob) >= SPLIT_STR('24-27','-',1) AND 
                         AGE_FROM_DOB( profile.dob) <= SPLIT_STR('24-27','-',2) AND '' 
                        LIKE CONCAT('%',profile.gotra,'%') AND profile.gender != 'Male' AND profile.userId != 2 AND profile.status = 'ACTIVE'
INFO - 2021-11-11 00:40:31 --> Curated Query = SELECT
                            profile.profileId,
                            profile.profileNumber,
                            profile.userId,
                            profile.firstName,
                            profile.lastName,
                            CONCAT(
                                profile.firstName,
                                ' ',
                                profile.lastName
                            ) AS `fullName`,
                            profile.gender,
                            profile.dob,
                            profile.height,
                            profile.maritalStatus,
                            profile.city,
                            profile.state,
                            profile.highestEducation,
                            profile.occupation,
                            profile.income,
                            profile.desiredAgeGroup,
                            profile.desiredHeight,
                            profile.desiredMaritalStatus,
                            profile.status,
                            AGE_FROM_DOB(profile.dob) AS `age`,
                            artifact.artifactId,
                            artifact.avatarFileName
                        FROM
                            profile
                        LEFT JOIN artifact ON profile.userId = artifact.userId
                        WHERE AGE_FROM_DOB( profile.dob) >= SPLIT_STR('24-27','-',1) AND 
                         AGE_FROM_DOB( profile.dob) <= SPLIT_STR('24-27','-',2) AND '' 
                        LIKE CONCAT('%',profile.caste,'%') AND '' 
                        LIKE CONCAT('%',profile.gotra,'%') AND profile.gender != 'Male' AND profile.userId != 2 AND profile.status = 'ACTIVE'
INFO - 2021-11-11 00:40:32 --> Curated Query = SELECT
                            profile.profileId,
                            profile.profileNumber,
                            profile.userId,
                            profile.firstName,
                            profile.lastName,
                            CONCAT(
                                profile.firstName,
                                ' ',
                                profile.lastName
                            ) AS `fullName`,
                            profile.gender,
                            profile.dob,
                            profile.height,
                            profile.maritalStatus,
                            profile.city,
                            profile.state,
                            profile.highestEducation,
                            profile.occupation,
                            profile.income,
                            profile.desiredAgeGroup,
                            profile.desiredHeight,
                            profile.desiredMaritalStatus,
                            profile.status,
                            AGE_FROM_DOB(profile.dob) AS `age`,
                            artifact.artifactId,
                            artifact.avatarFileName
                        FROM
                            profile
                        LEFT JOIN artifact ON profile.userId = artifact.userId
                        WHERE AGE_FROM_DOB( profile.dob) >= SPLIT_STR('24-27','-',1) AND 
                         AGE_FROM_DOB( profile.dob) <= SPLIT_STR('24-27','-',2) AND '' 
                        LIKE CONCAT('%',profile.gotra,'%') AND profile.gender != 'Male' AND profile.userId != 2 AND profile.status = 'ACTIVE'
INFO - 2021-11-11 00:40:33 --> Curated Query = SELECT
                            profile.profileId,
                            profile.profileNumber,
                            profile.userId,
                            profile.firstName,
                            profile.lastName,
                            CONCAT(
                                profile.firstName,
                                ' ',
                                profile.lastName
                            ) AS `fullName`,
                            profile.gender,
                            profile.dob,
                            profile.height,
                            profile.maritalStatus,
                            profile.city,
                            profile.state,
                            profile.highestEducation,
                            profile.occupation,
                            profile.income,
                            profile.desiredAgeGroup,
                            profile.desiredHeight,
                            profile.desiredMaritalStatus,
                            profile.status,
                            AGE_FROM_DOB(profile.dob) AS `age`,
                            artifact.artifactId,
                            artifact.avatarFileName
                        FROM
                            profile
                        LEFT JOIN artifact ON profile.userId = artifact.userId
                        WHERE AGE_FROM_DOB( profile.dob) >= SPLIT_STR('24-27','-',1) AND 
                         AGE_FROM_DOB( profile.dob) <= SPLIT_STR('24-27','-',2) AND '' 
                        LIKE CONCAT('%',profile.caste,'%') AND '' 
                        LIKE CONCAT('%',profile.gotra,'%') AND profile.gender != 'Male' AND profile.userId != 2 AND profile.status = 'ACTIVE'
INFO - 2021-11-11 00:40:33 --> Curated Query = SELECT
                            profile.profileId,
                            profile.profileNumber,
                            profile.userId,
                            profile.firstName,
                            profile.lastName,
                            CONCAT(
                                profile.firstName,
                                ' ',
                                profile.lastName
                            ) AS `fullName`,
                            profile.gender,
                            profile.dob,
                            profile.height,
                            profile.maritalStatus,
                            profile.city,
                            profile.state,
                            profile.highestEducation,
                            profile.occupation,
                            profile.income,
                            profile.desiredAgeGroup,
                            profile.desiredHeight,
                            profile.desiredMaritalStatus,
                            profile.status,
                            AGE_FROM_DOB(profile.dob) AS `age`,
                            artifact.artifactId,
                            artifact.avatarFileName
                        FROM
                            profile
                        LEFT JOIN artifact ON profile.userId = artifact.userId
                        WHERE AGE_FROM_DOB( profile.dob) >= SPLIT_STR('24-27','-',1) AND 
                         AGE_FROM_DOB( profile.dob) <= SPLIT_STR('24-27','-',2) AND '' 
                        LIKE CONCAT('%',profile.gotra,'%') AND profile.gender != 'Male' AND profile.userId != 2 AND profile.status = 'ACTIVE'
INFO - 2021-11-11 00:40:34 --> Curated Query = SELECT
                            profile.profileId,
                            profile.profileNumber,
                            profile.userId,
                            profile.firstName,
                            profile.lastName,
                            CONCAT(
                                profile.firstName,
                                ' ',
                                profile.lastName
                            ) AS `fullName`,
                            profile.gender,
                            profile.dob,
                            profile.height,
                            profile.maritalStatus,
                            profile.city,
                            profile.state,
                            profile.highestEducation,
                            profile.occupation,
                            profile.income,
                            profile.desiredAgeGroup,
                            profile.desiredHeight,
                            profile.desiredMaritalStatus,
                            profile.status,
                            AGE_FROM_DOB(profile.dob) AS `age`,
                            artifact.artifactId,
                            artifact.avatarFileName
                        FROM
                            profile
                        LEFT JOIN artifact ON profile.userId = artifact.userId
                        WHERE AGE_FROM_DOB( profile.dob) >= SPLIT_STR('24-27','-',1) AND 
                         AGE_FROM_DOB( profile.dob) <= SPLIT_STR('24-27','-',2) AND '' 
                        LIKE CONCAT('%',profile.caste,'%') AND '' 
                        LIKE CONCAT('%',profile.gotra,'%') AND profile.gender != 'Male' AND profile.userId != 2 AND profile.status = 'ACTIVE'
INFO - 2021-11-11 00:58:13 --> Curated Query = SELECT
                            profile.profileId,
                            profile.profileNumber,
                            profile.userId,
                            profile.firstName,
                            profile.lastName,
                            CONCAT(
                                profile.firstName,
                                ' ',
                                profile.lastName
                            ) AS `fullName`,
                            profile.gender,
                            profile.dob,
                            profile.height,
                            profile.maritalStatus,
                            profile.city,
                            profile.state,
                            profile.highestEducation,
                            profile.occupation,
                            profile.income,
                            profile.desiredAgeGroup,
                            profile.desiredHeight,
                            profile.desiredMaritalStatus,
                            profile.status,
                            AGE_FROM_DOB(profile.dob) AS `age`,
                            artifact.artifactId,
                            artifact.avatarFileName
                        FROM
                            profile
                        LEFT JOIN artifact ON profile.userId = artifact.userId
                        WHERE AGE_FROM_DOB( profile.dob) >= SPLIT_STR('24-27','-',1) AND 
                         AGE_FROM_DOB( profile.dob) <= SPLIT_STR('24-27','-',2) AND '' 
                        LIKE CONCAT('%',profile.caste,'%') AND profile.gender != 'Male' AND profile.userId != 2 AND profile.status = 'ACTIVE'
INFO - 2021-11-11 01:56:29 --> Curated Query = SELECT
                            profile.profileId,
                            profile.profileNumber,
                            profile.userId,
                            profile.firstName,
                            profile.lastName,
                            CONCAT(
                                profile.firstName,
                                ' ',
                                profile.lastName
                            ) AS `fullName`,
                            profile.gender,
                            profile.dob,
                            profile.height,
                            profile.maritalStatus,
                            profile.city,
                            profile.state,
                            profile.highestEducation,
                            profile.occupation,
                            profile.income,
                            profile.desiredAgeGroup,
                            profile.desiredHeight,
                            profile.desiredMaritalStatus,
                            profile.status,
                            AGE_FROM_DOB(profile.dob) AS `age`,
                            artifact.artifactId,
                            artifact.avatarFileName
                        FROM
                            profile
                        LEFT JOIN artifact ON profile.userId = artifact.userId
                        WHERE AGE_FROM_DOB( profile.dob) >= SPLIT_STR('24-27','-',1) AND 
                         AGE_FROM_DOB( profile.dob) <= SPLIT_STR('24-27','-',2) AND '' 
                        LIKE CONCAT('%',profile.caste,'%') AND profile.gender != 'Male' AND profile.userId != 2 AND profile.status = 'ACTIVE'
INFO - 2021-11-11 01:56:29 --> Curated Query = SELECT
                            profile.profileId,
                            profile.profileNumber,
                            profile.userId,
                            profile.firstName,
                            profile.lastName,
                            CONCAT(
                                profile.firstName,
                                ' ',
                                profile.lastName
                            ) AS `fullName`,
                            profile.gender,
                            profile.dob,
                            profile.height,
                            profile.maritalStatus,
                            profile.city,
                            profile.state,
                            profile.highestEducation,
                            profile.occupation,
                            profile.income,
                            profile.desiredAgeGroup,
                            profile.desiredHeight,
                            profile.desiredMaritalStatus,
                            profile.status,
                            AGE_FROM_DOB(profile.dob) AS `age`,
                            artifact.artifactId,
                            artifact.avatarFileName
                        FROM
                            profile
                        LEFT JOIN artifact ON profile.userId = artifact.userId
                        WHERE AGE_FROM_DOB( profile.dob) >= SPLIT_STR('24-27','-',1) AND 
                         AGE_FROM_DOB( profile.dob) <= SPLIT_STR('24-27','-',2) AND profile.gender != 'Male' AND profile.userId != 2 AND profile.status = 'ACTIVE'
INFO - 2021-11-11 01:56:35 --> Curated Query = SELECT
                            profile.profileId,
                            profile.profileNumber,
                            profile.userId,
                            profile.firstName,
                            profile.lastName,
                            CONCAT(
                                profile.firstName,
                                ' ',
                                profile.lastName
                            ) AS `fullName`,
                            profile.gender,
                            profile.dob,
                            profile.height,
                            profile.maritalStatus,
                            profile.city,
                            profile.state,
                            profile.highestEducation,
                            profile.occupation,
                            profile.income,
                            profile.desiredAgeGroup,
                            profile.desiredHeight,
                            profile.desiredMaritalStatus,
                            profile.status,
                            AGE_FROM_DOB(profile.dob) AS `age`,
                            artifact.artifactId,
                            artifact.avatarFileName
                        FROM
                            profile
                        LEFT JOIN artifact ON profile.userId = artifact.userId
                        WHERE AGE_FROM_DOB( profile.dob) >= SPLIT_STR('24-27','-',1) AND 
                         AGE_FROM_DOB( profile.dob) <= SPLIT_STR('24-27','-',2) AND '' 
                        LIKE CONCAT('%',profile.caste,'%') AND profile.gender != 'Male' AND profile.userId != 2 AND profile.status = 'ACTIVE'
INFO - 2021-11-11 01:56:36 --> Curated Query = SELECT
                            profile.profileId,
                            profile.profileNumber,
                            profile.userId,
                            profile.firstName,
                            profile.lastName,
                            CONCAT(
                                profile.firstName,
                                ' ',
                                profile.lastName
                            ) AS `fullName`,
                            profile.gender,
                            profile.dob,
                            profile.height,
                            profile.maritalStatus,
                            profile.city,
                            profile.state,
                            profile.highestEducation,
                            profile.occupation,
                            profile.income,
                            profile.desiredAgeGroup,
                            profile.desiredHeight,
                            profile.desiredMaritalStatus,
                            profile.status,
                            AGE_FROM_DOB(profile.dob) AS `age`,
                            artifact.artifactId,
                            artifact.avatarFileName
                        FROM
                            profile
                        LEFT JOIN artifact ON profile.userId = artifact.userId
                        WHERE AGE_FROM_DOB( profile.dob) >= SPLIT_STR('24-27','-',1) AND 
                         AGE_FROM_DOB( profile.dob) <= SPLIT_STR('24-27','-',2) AND profile.gender != 'Male' AND profile.userId != 2 AND profile.status = 'ACTIVE'
INFO - 2021-11-11 01:56:36 --> Curated Query = SELECT
                            profile.profileId,
                            profile.profileNumber,
                            profile.userId,
                            profile.firstName,
                            profile.lastName,
                            CONCAT(
                                profile.firstName,
                                ' ',
                                profile.lastName
                            ) AS `fullName`,
                            profile.gender,
                            profile.dob,
                            profile.height,
                            profile.maritalStatus,
                            profile.city,
                            profile.state,
                            profile.highestEducation,
                            profile.occupation,
                            profile.income,
                            profile.desiredAgeGroup,
                            profile.desiredHeight,
                            profile.desiredMaritalStatus,
                            profile.status,
                            AGE_FROM_DOB(profile.dob) AS `age`,
                            artifact.artifactId,
                            artifact.avatarFileName
                        FROM
                            profile
                        LEFT JOIN artifact ON profile.userId = artifact.userId
                        WHERE AGE_FROM_DOB( profile.dob) >= SPLIT_STR('24-27','-',1) AND 
                         AGE_FROM_DOB( profile.dob) <= SPLIT_STR('24-27','-',2) AND '' 
                        LIKE CONCAT('%',profile.caste,'%') AND profile.gender != 'Male' AND profile.userId != 2 AND profile.status = 'ACTIVE'
INFO - 2021-11-11 01:56:36 --> Curated Query = SELECT
                            profile.profileId,
                            profile.profileNumber,
                            profile.userId,
                            profile.firstName,
                            profile.lastName,
                            CONCAT(
                                profile.firstName,
                                ' ',
                                profile.lastName
                            ) AS `fullName`,
                            profile.gender,
                            profile.dob,
                            profile.height,
                            profile.maritalStatus,
                            profile.city,
                            profile.state,
                            profile.highestEducation,
                            profile.occupation,
                            profile.income,
                            profile.desiredAgeGroup,
                            profile.desiredHeight,
                            profile.desiredMaritalStatus,
                            profile.status,
                            AGE_FROM_DOB(profile.dob) AS `age`,
                            artifact.artifactId,
                            artifact.avatarFileName
                        FROM
                            profile
                        LEFT JOIN artifact ON profile.userId = artifact.userId
                        WHERE AGE_FROM_DOB( profile.dob) >= SPLIT_STR('24-27','-',1) AND 
                         AGE_FROM_DOB( profile.dob) <= SPLIT_STR('24-27','-',2) AND profile.gender != 'Male' AND profile.userId != 2 AND profile.status = 'ACTIVE'
INFO - 2021-11-11 01:56:37 --> Curated Query = SELECT
                            profile.profileId,
                            profile.profileNumber,
                            profile.userId,
                            profile.firstName,
                            profile.lastName,
                            CONCAT(
                                profile.firstName,
                                ' ',
                                profile.lastName
                            ) AS `fullName`,
                            profile.gender,
                            profile.dob,
                            profile.height,
                            profile.maritalStatus,
                            profile.city,
                            profile.state,
                            profile.highestEducation,
                            profile.occupation,
                            profile.income,
                            profile.desiredAgeGroup,
                            profile.desiredHeight,
                            profile.desiredMaritalStatus,
                            profile.status,
                            AGE_FROM_DOB(profile.dob) AS `age`,
                            artifact.artifactId,
                            artifact.avatarFileName
                        FROM
                            profile
                        LEFT JOIN artifact ON profile.userId = artifact.userId
                        WHERE AGE_FROM_DOB( profile.dob) >= SPLIT_STR('24-27','-',1) AND 
                         AGE_FROM_DOB( profile.dob) <= SPLIT_STR('24-27','-',2) AND '' 
                        LIKE CONCAT('%',profile.caste,'%') AND profile.gender != 'Male' AND profile.userId != 2 AND profile.status = 'ACTIVE'
INFO - 2021-11-11 02:01:04 --> Curated Query = SELECT
                            profile.profileId,
                            profile.profileNumber,
                            profile.userId,
                            profile.firstName,
                            profile.lastName,
                            CONCAT(
                                profile.firstName,
                                ' ',
                                profile.lastName
                            ) AS `fullName`,
                            profile.gender,
                            profile.dob,
                            profile.height,
                            profile.maritalStatus,
                            profile.city,
                            profile.state,
                            profile.highestEducation,
                            profile.occupation,
                            profile.income,
                            profile.desiredAgeGroup,
                            profile.desiredHeight,
                            profile.desiredMaritalStatus,
                            profile.status,
                            AGE_FROM_DOB(profile.dob) AS `age`,
                            artifact.artifactId,
                            artifact.avatarFileName
                        FROM
                            profile
                        LEFT JOIN artifact ON profile.userId = artifact.userId
                        WHERE AGE_FROM_DOB( profile.dob) >= SPLIT_STR('24-27','-',1) AND 
                         AGE_FROM_DOB( profile.dob) <= SPLIT_STR('24-27','-',2) AND '' 
                        LIKE CONCAT('%',profile.caste,'%') AND profile.gender != 'Male' AND profile.userId != 2 AND profile.status = 'ACTIVE'
INFO - 2021-11-11 03:29:25 --> Token error: Firebase\JWT\ExpiredException: Expired token in C:\xampp\htdocs\sbatMatrimony\server\vendor\firebase\php-jwt\src\JWT.php:149
Stack trace:
#0 C:\xampp\htdocs\sbatMatrimony\server\app\Libraries\Apiserver.php(32): Firebase\JWT\JWT::decode('eyJ0eXAiOiJKV1Q...', 'NklOUDFSNThVUXV...', Array)
#1 C:\xampp\htdocs\sbatMatrimony\server\app\Controllers\RestApiBaseController.php(25): App\Libraries\Apiserver->validateToken('eyJ0eXAiOiJKV1Q...')
#2 C:\xampp\htdocs\sbatMatrimony\server\app\Controllers\Profile.php(19): App\Controllers\RestApiBaseController->__construct()
#3 C:\xampp\htdocs\sbatMatrimony\server\system\CodeIgniter.php(908): App\Controllers\Profile->__construct()
#4 C:\xampp\htdocs\sbatMatrimony\server\system\CodeIgniter.php(422): CodeIgniter\CodeIgniter->createController()
#5 C:\xampp\htdocs\sbatMatrimony\server\system\CodeIgniter.php(333): CodeIgniter\CodeIgniter->handleRequest(NULL, Object(Config\Cache), false)
#6 C:\xampp\htdocs\sbatMatrimony\server\index.php(44): CodeIgniter\CodeIgniter->run()
#7 {main}
INFO - 2021-11-11 03:29:51 --> Curated Query = SELECT
                            profile.profileId,
                            profile.profileNumber,
                            profile.userId,
                            profile.firstName,
                            profile.lastName,
                            CONCAT(
                                profile.firstName,
                                ' ',
                                profile.lastName
                            ) AS `fullName`,
                            profile.gender,
                            profile.dob,
                            profile.height,
                            profile.maritalStatus,
                            profile.city,
                            profile.state,
                            profile.highestEducation,
                            profile.occupation,
                            profile.income,
                            profile.desiredAgeGroup,
                            profile.desiredHeight,
                            profile.desiredMaritalStatus,
                            profile.status,
                            AGE_FROM_DOB(profile.dob) AS `age`,
                            artifact.artifactId,
                            artifact.avatarFileName
                        FROM
                            profile
                        LEFT JOIN artifact ON profile.userId = artifact.userId
                        WHERE AGE_FROM_DOB( profile.dob) >= SPLIT_STR('24-27','-',1) AND 
                         AGE_FROM_DOB( profile.dob) <= SPLIT_STR('24-27','-',2) AND 'Single,Widowed,Divorced' 
                        LIKE CONCAT('%',profile.maritalStatus,'%') AND profile.gender != 'Male' AND profile.userId != 2 AND profile.status = 'ACTIVE'
INFO - 2021-11-11 03:29:52 --> Curated Query = SELECT
                            profile.profileId,
                            profile.profileNumber,
                            profile.userId,
                            profile.firstName,
                            profile.lastName,
                            CONCAT(
                                profile.firstName,
                                ' ',
                                profile.lastName
                            ) AS `fullName`,
                            profile.gender,
                            profile.dob,
                            profile.height,
                            profile.maritalStatus,
                            profile.city,
                            profile.state,
                            profile.highestEducation,
                            profile.occupation,
                            profile.income,
                            profile.desiredAgeGroup,
                            profile.desiredHeight,
                            profile.desiredMaritalStatus,
                            profile.status,
                            AGE_FROM_DOB(profile.dob) AS `age`,
                            artifact.artifactId,
                            artifact.avatarFileName
                        FROM
                            profile
                        LEFT JOIN artifact ON profile.userId = artifact.userId
                        WHERE AGE_FROM_DOB( profile.dob) >= SPLIT_STR('24-27','-',1) AND 
                         AGE_FROM_DOB( profile.dob) <= SPLIT_STR('24-27','-',2) AND 'Single,Widowed,Divorced' 
                        LIKE CONCAT('%',profile.maritalStatus,'%') AND '' 
                        LIKE CONCAT('%',profile.caste,'%') AND profile.gender != 'Male' AND profile.userId != 2 AND profile.status = 'ACTIVE'
INFO - 2021-11-11 03:29:59 --> Curated Query = SELECT
                            profile.profileId,
                            profile.profileNumber,
                            profile.userId,
                            profile.firstName,
                            profile.lastName,
                            CONCAT(
                                profile.firstName,
                                ' ',
                                profile.lastName
                            ) AS `fullName`,
                            profile.gender,
                            profile.dob,
                            profile.height,
                            profile.maritalStatus,
                            profile.city,
                            profile.state,
                            profile.highestEducation,
                            profile.occupation,
                            profile.income,
                            profile.desiredAgeGroup,
                            profile.desiredHeight,
                            profile.desiredMaritalStatus,
                            profile.status,
                            AGE_FROM_DOB(profile.dob) AS `age`,
                            artifact.artifactId,
                            artifact.avatarFileName
                        FROM
                            profile
                        LEFT JOIN artifact ON profile.userId = artifact.userId
                        WHERE AGE_FROM_DOB( profile.dob) >= SPLIT_STR('24-27','-',1) AND 
                         AGE_FROM_DOB( profile.dob) <= SPLIT_STR('24-27','-',2) AND 'Single,Widowed,Divorced' 
                        LIKE CONCAT('%',profile.maritalStatus,'%') AND '' 
                        LIKE CONCAT('%',profile.caste,'%') AND '' 
                        LIKE CONCAT('%',profile.gotra,'%') AND profile.gender != 'Male' AND profile.userId != 2 AND profile.status = 'ACTIVE'
INFO - 2021-11-11 03:30:01 --> Curated Query = SELECT
                            profile.profileId,
                            profile.profileNumber,
                            profile.userId,
                            profile.firstName,
                            profile.lastName,
                            CONCAT(
                                profile.firstName,
                                ' ',
                                profile.lastName
                            ) AS `fullName`,
                            profile.gender,
                            profile.dob,
                            profile.height,
                            profile.maritalStatus,
                            profile.city,
                            profile.state,
                            profile.highestEducation,
                            profile.occupation,
                            profile.income,
                            profile.desiredAgeGroup,
                            profile.desiredHeight,
                            profile.desiredMaritalStatus,
                            profile.status,
                            AGE_FROM_DOB(profile.dob) AS `age`,
                            artifact.artifactId,
                            artifact.avatarFileName
                        FROM
                            profile
                        LEFT JOIN artifact ON profile.userId = artifact.userId
                        WHERE AGE_FROM_DOB( profile.dob) >= SPLIT_STR('24-27','-',1) AND 
                         AGE_FROM_DOB( profile.dob) <= SPLIT_STR('24-27','-',2) AND 'Single,Widowed,Divorced' 
                        LIKE CONCAT('%',profile.maritalStatus,'%') AND '' 
                        LIKE CONCAT('%',profile.gotra,'%') AND profile.gender != 'Male' AND profile.userId != 2 AND profile.status = 'ACTIVE'
INFO - 2021-11-11 03:30:06 --> Curated Query = SELECT
                            profile.profileId,
                            profile.profileNumber,
                            profile.userId,
                            profile.firstName,
                            profile.lastName,
                            CONCAT(
                                profile.firstName,
                                ' ',
                                profile.lastName
                            ) AS `fullName`,
                            profile.gender,
                            profile.dob,
                            profile.height,
                            profile.maritalStatus,
                            profile.city,
                            profile.state,
                            profile.highestEducation,
                            profile.occupation,
                            profile.income,
                            profile.desiredAgeGroup,
                            profile.desiredHeight,
                            profile.desiredMaritalStatus,
                            profile.status,
                            AGE_FROM_DOB(profile.dob) AS `age`,
                            artifact.artifactId,
                            artifact.avatarFileName
                        FROM
                            profile
                        LEFT JOIN artifact ON profile.userId = artifact.userId
                        WHERE AGE_FROM_DOB( profile.dob) >= SPLIT_STR('24-27','-',1) AND 
                         AGE_FROM_DOB( profile.dob) <= SPLIT_STR('24-27','-',2) AND 'Single,Widowed,Divorced' 
                        LIKE CONCAT('%',profile.maritalStatus,'%') AND '' 
                        LIKE CONCAT('%',profile.caste,'%') AND '' 
                        LIKE CONCAT('%',profile.gotra,'%') AND profile.gender != 'Male' AND profile.userId != 2 AND profile.status = 'ACTIVE'
INFO - 2021-11-11 03:30:08 --> Curated Query = SELECT
                            profile.profileId,
                            profile.profileNumber,
                            profile.userId,
                            profile.firstName,
                            profile.lastName,
                            CONCAT(
                                profile.firstName,
                                ' ',
                                profile.lastName
                            ) AS `fullName`,
                            profile.gender,
                            profile.dob,
                            profile.height,
                            profile.maritalStatus,
                            profile.city,
                            profile.state,
                            profile.highestEducation,
                            profile.occupation,
                            profile.income,
                            profile.desiredAgeGroup,
                            profile.desiredHeight,
                            profile.desiredMaritalStatus,
                            profile.status,
                            AGE_FROM_DOB(profile.dob) AS `age`,
                            artifact.artifactId,
                            artifact.avatarFileName
                        FROM
                            profile
                        LEFT JOIN artifact ON profile.userId = artifact.userId
                        WHERE AGE_FROM_DOB( profile.dob) >= SPLIT_STR('24-27','-',1) AND 
                         AGE_FROM_DOB( profile.dob) <= SPLIT_STR('24-27','-',2) AND '' 
                        LIKE CONCAT('%',profile.caste,'%') AND '' 
                        LIKE CONCAT('%',profile.gotra,'%') AND profile.gender != 'Male' AND profile.userId != 2 AND profile.status = 'ACTIVE'
INFO - 2021-11-11 03:30:09 --> Curated Query = SELECT
                            profile.profileId,
                            profile.profileNumber,
                            profile.userId,
                            profile.firstName,
                            profile.lastName,
                            CONCAT(
                                profile.firstName,
                                ' ',
                                profile.lastName
                            ) AS `fullName`,
                            profile.gender,
                            profile.dob,
                            profile.height,
                            profile.maritalStatus,
                            profile.city,
                            profile.state,
                            profile.highestEducation,
                            profile.occupation,
                            profile.income,
                            profile.desiredAgeGroup,
                            profile.desiredHeight,
                            profile.desiredMaritalStatus,
                            profile.status,
                            AGE_FROM_DOB(profile.dob) AS `age`,
                            artifact.artifactId,
                            artifact.avatarFileName
                        FROM
                            profile
                        LEFT JOIN artifact ON profile.userId = artifact.userId
                        WHERE AGE_FROM_DOB( profile.dob) >= SPLIT_STR('24-27','-',1) AND 
                         AGE_FROM_DOB( profile.dob) <= SPLIT_STR('24-27','-',2) AND  profile.height >= SPLIT_STR('60-70','-',1) AND 
                        profile.height <= SPLIT_STR('60-70','-',2) AND '' 
                        LIKE CONCAT('%',profile.caste,'%') AND '' 
                        LIKE CONCAT('%',profile.gotra,'%') AND profile.gender != 'Male' AND profile.userId != 2 AND profile.status = 'ACTIVE'
INFO - 2021-11-11 03:30:15 --> Curated Query = SELECT
                            profile.profileId,
                            profile.profileNumber,
                            profile.userId,
                            profile.firstName,
                            profile.lastName,
                            CONCAT(
                                profile.firstName,
                                ' ',
                                profile.lastName
                            ) AS `fullName`,
                            profile.gender,
                            profile.dob,
                            profile.height,
                            profile.maritalStatus,
                            profile.city,
                            profile.state,
                            profile.highestEducation,
                            profile.occupation,
                            profile.income,
                            profile.desiredAgeGroup,
                            profile.desiredHeight,
                            profile.desiredMaritalStatus,
                            profile.status,
                            AGE_FROM_DOB(profile.dob) AS `age`,
                            artifact.artifactId,
                            artifact.avatarFileName
                        FROM
                            profile
                        LEFT JOIN artifact ON profile.userId = artifact.userId
                        WHERE AGE_FROM_DOB( profile.dob) >= SPLIT_STR('24-27','-',1) AND 
                         AGE_FROM_DOB( profile.dob) <= SPLIT_STR('24-27','-',2) AND  profile.height >= SPLIT_STR('60-70','-',1) AND 
                        profile.height <= SPLIT_STR('60-70','-',2) AND 'Single,Widowed,Divorced' 
                        LIKE CONCAT('%',profile.maritalStatus,'%') AND '' 
                        LIKE CONCAT('%',profile.caste,'%') AND '' 
                        LIKE CONCAT('%',profile.gotra,'%') AND profile.gender != 'Male' AND profile.userId != 2 AND profile.status = 'ACTIVE'
INFO - 2021-11-11 04:34:41 --> Token error: Firebase\JWT\ExpiredException: Expired token in C:\xampp\htdocs\sbatMatrimony\server\vendor\firebase\php-jwt\src\JWT.php:149
Stack trace:
#0 C:\xampp\htdocs\sbatMatrimony\server\app\Libraries\Apiserver.php(32): Firebase\JWT\JWT::decode('eyJ0eXAiOiJKV1Q...', 'NklOUDFSNThVUXV...', Array)
#1 C:\xampp\htdocs\sbatMatrimony\server\app\Controllers\RestApiBaseController.php(25): App\Libraries\Apiserver->validateToken('eyJ0eXAiOiJKV1Q...')
#2 C:\xampp\htdocs\sbatMatrimony\server\app\Controllers\Profile.php(19): App\Controllers\RestApiBaseController->__construct()
#3 C:\xampp\htdocs\sbatMatrimony\server\system\CodeIgniter.php(908): App\Controllers\Profile->__construct()
#4 C:\xampp\htdocs\sbatMatrimony\server\system\CodeIgniter.php(422): CodeIgniter\CodeIgniter->createController()
#5 C:\xampp\htdocs\sbatMatrimony\server\system\CodeIgniter.php(333): CodeIgniter\CodeIgniter->handleRequest(NULL, Object(Config\Cache), false)
#6 C:\xampp\htdocs\sbatMatrimony\server\index.php(44): CodeIgniter\CodeIgniter->run()
#7 {main}
INFO - 2021-11-11 04:34:47 --> Token error: Firebase\JWT\ExpiredException: Expired token in C:\xampp\htdocs\sbatMatrimony\server\vendor\firebase\php-jwt\src\JWT.php:149
Stack trace:
#0 C:\xampp\htdocs\sbatMatrimony\server\app\Libraries\Apiserver.php(32): Firebase\JWT\JWT::decode('eyJ0eXAiOiJKV1Q...', 'NklOUDFSNThVUXV...', Array)
#1 C:\xampp\htdocs\sbatMatrimony\server\app\Controllers\RestApiBaseController.php(25): App\Libraries\Apiserver->validateToken('eyJ0eXAiOiJKV1Q...')
#2 C:\xampp\htdocs\sbatMatrimony\server\app\Controllers\Profile.php(19): App\Controllers\RestApiBaseController->__construct()
#3 C:\xampp\htdocs\sbatMatrimony\server\system\CodeIgniter.php(908): App\Controllers\Profile->__construct()
#4 C:\xampp\htdocs\sbatMatrimony\server\system\CodeIgniter.php(422): CodeIgniter\CodeIgniter->createController()
#5 C:\xampp\htdocs\sbatMatrimony\server\system\CodeIgniter.php(333): CodeIgniter\CodeIgniter->handleRequest(NULL, Object(Config\Cache), false)
#6 C:\xampp\htdocs\sbatMatrimony\server\index.php(44): CodeIgniter\CodeIgniter->run()
#7 {main}
INFO - 2021-11-11 05:07:08 --> Token error: Firebase\JWT\ExpiredException: Expired token in C:\xampp\htdocs\sbatMatrimony\server\vendor\firebase\php-jwt\src\JWT.php:149
Stack trace:
#0 C:\xampp\htdocs\sbatMatrimony\server\app\Libraries\Apiserver.php(32): Firebase\JWT\JWT::decode('eyJ0eXAiOiJKV1Q...', 'NklOUDFSNThVUXV...', Array)
#1 C:\xampp\htdocs\sbatMatrimony\server\app\Controllers\RestApiBaseController.php(25): App\Libraries\Apiserver->validateToken('eyJ0eXAiOiJKV1Q...')
#2 C:\xampp\htdocs\sbatMatrimony\server\app\Controllers\Profile.php(19): App\Controllers\RestApiBaseController->__construct()
#3 C:\xampp\htdocs\sbatMatrimony\server\system\CodeIgniter.php(908): App\Controllers\Profile->__construct()
#4 C:\xampp\htdocs\sbatMatrimony\server\system\CodeIgniter.php(422): CodeIgniter\CodeIgniter->createController()
#5 C:\xampp\htdocs\sbatMatrimony\server\system\CodeIgniter.php(333): CodeIgniter\CodeIgniter->handleRequest(NULL, Object(Config\Cache), false)
#6 C:\xampp\htdocs\sbatMatrimony\server\index.php(44): CodeIgniter\CodeIgniter->run()
#7 {main}
INFO - 2021-11-11 05:07:16 --> Token error: UnexpectedValueException: Wrong number of segments in C:\xampp\htdocs\sbatMatrimony\server\vendor\firebase\php-jwt\src\JWT.php:88
Stack trace:
#0 C:\xampp\htdocs\sbatMatrimony\server\app\Libraries\Apiserver.php(32): Firebase\JWT\JWT::decode('null', 'NklOUDFSNThVUXV...', Array)
#1 C:\xampp\htdocs\sbatMatrimony\server\app\Controllers\RestApiBaseController.php(25): App\Libraries\Apiserver->validateToken('null')
#2 C:\xampp\htdocs\sbatMatrimony\server\app\Controllers\Profile.php(19): App\Controllers\RestApiBaseController->__construct()
#3 C:\xampp\htdocs\sbatMatrimony\server\system\CodeIgniter.php(908): App\Controllers\Profile->__construct()
#4 C:\xampp\htdocs\sbatMatrimony\server\system\CodeIgniter.php(422): CodeIgniter\CodeIgniter->createController()
#5 C:\xampp\htdocs\sbatMatrimony\server\system\CodeIgniter.php(333): CodeIgniter\CodeIgniter->handleRequest(NULL, Object(Config\Cache), false)
#6 C:\xampp\htdocs\sbatMatrimony\server\index.php(44): CodeIgniter\CodeIgniter->run()
#7 {main}
INFO - 2021-11-11 05:38:58 --> Token error: Firebase\JWT\ExpiredException: Expired token in C:\xampp\htdocs\sbatMatrimony\server\vendor\firebase\php-jwt\src\JWT.php:149
Stack trace:
#0 C:\xampp\htdocs\sbatMatrimony\server\app\Libraries\Apiserver.php(32): Firebase\JWT\JWT::decode('eyJ0eXAiOiJKV1Q...', 'NklOUDFSNThVUXV...', Array)
#1 C:\xampp\htdocs\sbatMatrimony\server\app\Controllers\RestApiBaseController.php(25): App\Libraries\Apiserver->validateToken('eyJ0eXAiOiJKV1Q...')
#2 C:\xampp\htdocs\sbatMatrimony\server\app\Controllers\Profile.php(19): App\Controllers\RestApiBaseController->__construct()
#3 C:\xampp\htdocs\sbatMatrimony\server\system\CodeIgniter.php(908): App\Controllers\Profile->__construct()
#4 C:\xampp\htdocs\sbatMatrimony\server\system\CodeIgniter.php(422): CodeIgniter\CodeIgniter->createController()
#5 C:\xampp\htdocs\sbatMatrimony\server\system\CodeIgniter.php(333): CodeIgniter\CodeIgniter->handleRequest(NULL, Object(Config\Cache), false)
#6 C:\xampp\htdocs\sbatMatrimony\server\index.php(44): CodeIgniter\CodeIgniter->run()
#7 {main}
INFO - 2021-11-11 05:39:06 --> Token error: Firebase\JWT\ExpiredException: Expired token in C:\xampp\htdocs\sbatMatrimony\server\vendor\firebase\php-jwt\src\JWT.php:149
Stack trace:
#0 C:\xampp\htdocs\sbatMatrimony\server\app\Libraries\Apiserver.php(32): Firebase\JWT\JWT::decode('eyJ0eXAiOiJKV1Q...', 'NklOUDFSNThVUXV...', Array)
#1 C:\xampp\htdocs\sbatMatrimony\server\app\Controllers\RestApiBaseController.php(25): App\Libraries\Apiserver->validateToken('eyJ0eXAiOiJKV1Q...')
#2 C:\xampp\htdocs\sbatMatrimony\server\app\Controllers\Profile.php(19): App\Controllers\RestApiBaseController->__construct()
#3 C:\xampp\htdocs\sbatMatrimony\server\system\CodeIgniter.php(908): App\Controllers\Profile->__construct()
#4 C:\xampp\htdocs\sbatMatrimony\server\system\CodeIgniter.php(422): CodeIgniter\CodeIgniter->createController()
#5 C:\xampp\htdocs\sbatMatrimony\server\system\CodeIgniter.php(333): CodeIgniter\CodeIgniter->handleRequest(NULL, Object(Config\Cache), false)
#6 C:\xampp\htdocs\sbatMatrimony\server\index.php(44): CodeIgniter\CodeIgniter->run()
#7 {main}
INFO - 2021-11-11 06:26:17 --> Token error: Firebase\JWT\ExpiredException: Expired token in C:\xampp\htdocs\sbatMatrimony\server\vendor\firebase\php-jwt\src\JWT.php:149
Stack trace:
#0 C:\xampp\htdocs\sbatMatrimony\server\app\Libraries\Apiserver.php(32): Firebase\JWT\JWT::decode('eyJ0eXAiOiJKV1Q...', 'NklOUDFSNThVUXV...', Array)
#1 C:\xampp\htdocs\sbatMatrimony\server\app\Controllers\RestApiBaseController.php(25): App\Libraries\Apiserver->validateToken('eyJ0eXAiOiJKV1Q...')
#2 C:\xampp\htdocs\sbatMatrimony\server\app\Controllers\Profile.php(19): App\Controllers\RestApiBaseController->__construct()
#3 C:\xampp\htdocs\sbatMatrimony\server\system\CodeIgniter.php(908): App\Controllers\Profile->__construct()
#4 C:\xampp\htdocs\sbatMatrimony\server\system\CodeIgniter.php(422): CodeIgniter\CodeIgniter->createController()
#5 C:\xampp\htdocs\sbatMatrimony\server\system\CodeIgniter.php(333): CodeIgniter\CodeIgniter->handleRequest(NULL, Object(Config\Cache), false)
#6 C:\xampp\htdocs\sbatMatrimony\server\index.php(44): CodeIgniter\CodeIgniter->run()
#7 {main}
INFO - 2021-11-11 06:26:22 --> Token error: Firebase\JWT\ExpiredException: Expired token in C:\xampp\htdocs\sbatMatrimony\server\vendor\firebase\php-jwt\src\JWT.php:149
Stack trace:
#0 C:\xampp\htdocs\sbatMatrimony\server\app\Libraries\Apiserver.php(32): Firebase\JWT\JWT::decode('eyJ0eXAiOiJKV1Q...', 'NklOUDFSNThVUXV...', Array)
#1 C:\xampp\htdocs\sbatMatrimony\server\app\Controllers\RestApiBaseController.php(25): App\Libraries\Apiserver->validateToken('eyJ0eXAiOiJKV1Q...')
#2 C:\xampp\htdocs\sbatMatrimony\server\app\Controllers\Profile.php(19): App\Controllers\RestApiBaseController->__construct()
#3 C:\xampp\htdocs\sbatMatrimony\server\system\CodeIgniter.php(908): App\Controllers\Profile->__construct()
#4 C:\xampp\htdocs\sbatMatrimony\server\system\CodeIgniter.php(422): CodeIgniter\CodeIgniter->createController()
#5 C:\xampp\htdocs\sbatMatrimony\server\system\CodeIgniter.php(333): CodeIgniter\CodeIgniter->handleRequest(NULL, Object(Config\Cache), false)
#6 C:\xampp\htdocs\sbatMatrimony\server\index.php(44): CodeIgniter\CodeIgniter->run()
#7 {main}
INFO - 2021-11-11 06:59:01 --> Token error: Firebase\JWT\ExpiredException: Expired token in C:\xampp\htdocs\sbatMatrimony\server\vendor\firebase\php-jwt\src\JWT.php:149
Stack trace:
#0 C:\xampp\htdocs\sbatMatrimony\server\app\Libraries\Apiserver.php(32): Firebase\JWT\JWT::decode('eyJ0eXAiOiJKV1Q...', 'NklOUDFSNThVUXV...', Array)
#1 C:\xampp\htdocs\sbatMatrimony\server\app\Controllers\RestApiBaseController.php(25): App\Libraries\Apiserver->validateToken('eyJ0eXAiOiJKV1Q...')
#2 C:\xampp\htdocs\sbatMatrimony\server\app\Controllers\Profile.php(19): App\Controllers\RestApiBaseController->__construct()
#3 C:\xampp\htdocs\sbatMatrimony\server\system\CodeIgniter.php(908): App\Controllers\Profile->__construct()
#4 C:\xampp\htdocs\sbatMatrimony\server\system\CodeIgniter.php(422): CodeIgniter\CodeIgniter->createController()
#5 C:\xampp\htdocs\sbatMatrimony\server\system\CodeIgniter.php(333): CodeIgniter\CodeIgniter->handleRequest(NULL, Object(Config\Cache), false)
#6 C:\xampp\htdocs\sbatMatrimony\server\index.php(44): CodeIgniter\CodeIgniter->run()
#7 {main}
INFO - 2021-11-11 06:59:05 --> Token error: Firebase\JWT\ExpiredException: Expired token in C:\xampp\htdocs\sbatMatrimony\server\vendor\firebase\php-jwt\src\JWT.php:149
Stack trace:
#0 C:\xampp\htdocs\sbatMatrimony\server\app\Libraries\Apiserver.php(32): Firebase\JWT\JWT::decode('eyJ0eXAiOiJKV1Q...', 'NklOUDFSNThVUXV...', Array)
#1 C:\xampp\htdocs\sbatMatrimony\server\app\Controllers\RestApiBaseController.php(25): App\Libraries\Apiserver->validateToken('eyJ0eXAiOiJKV1Q...')
#2 C:\xampp\htdocs\sbatMatrimony\server\app\Controllers\Profile.php(19): App\Controllers\RestApiBaseController->__construct()
#3 C:\xampp\htdocs\sbatMatrimony\server\system\CodeIgniter.php(908): App\Controllers\Profile->__construct()
#4 C:\xampp\htdocs\sbatMatrimony\server\system\CodeIgniter.php(422): CodeIgniter\CodeIgniter->createController()
#5 C:\xampp\htdocs\sbatMatrimony\server\system\CodeIgniter.php(333): CodeIgniter\CodeIgniter->handleRequest(NULL, Object(Config\Cache), false)
#6 C:\xampp\htdocs\sbatMatrimony\server\index.php(44): CodeIgniter\CodeIgniter->run()
#7 {main}
