INFO - 2021-10-27 04:16:10 --> Token error: UnexpectedValueException: Wrong number of segments in C:\xampp\htdocs\sbatMatrimony\server\vendor\firebase\php-jwt\src\JWT.php:88
Stack trace:
#0 C:\xampp\htdocs\sbatMatrimony\server\app\Libraries\Apiserver.php(32): Firebase\JWT\JWT::decode('null', 'NklOUDFSNThVUXV...', Array)
#1 C:\xampp\htdocs\sbatMatrimony\server\app\Controllers\RestApiBaseController.php(25): App\Libraries\Apiserver->validateToken('null')
#2 C:\xampp\htdocs\sbatMatrimony\server\app\Controllers\ContactUs.php(19): App\Controllers\RestApiBaseController->__construct()
#3 C:\xampp\htdocs\sbatMatrimony\server\system\CodeIgniter.php(908): App\Controllers\ContactUs->__construct()
#4 C:\xampp\htdocs\sbatMatrimony\server\system\CodeIgniter.php(422): CodeIgniter\CodeIgniter->createController()
#5 C:\xampp\htdocs\sbatMatrimony\server\system\CodeIgniter.php(333): CodeIgniter\CodeIgniter->handleRequest(NULL, Object(Config\Cache), false)
#6 C:\xampp\htdocs\sbatMatrimony\server\index.php(44): CodeIgniter\CodeIgniter->run()
#7 {main}
ERROR - 2021-10-27 05:53:02 --> mysqli_sql_exception: Unknown column 'toId' in 'field list' in C:\xampp\htdocs\sbatMatrimony\server\system\Database\MySQLi\Connection.php:314
Stack trace:
#0 C:\xampp\htdocs\sbatMatrimony\server\system\Database\MySQLi\Connection.php(314): mysqli->query('SELECT `toId`\nF...')
#1 C:\xampp\htdocs\sbatMatrimony\server\system\Database\BaseConnection.php(713): CodeIgniter\Database\MySQLi\Connection->execute('SELECT `toId`\nF...')
#2 C:\xampp\htdocs\sbatMatrimony\server\system\Database\BaseConnection.php(641): CodeIgniter\Database\BaseConnection->simpleQuery('SELECT `toId`\nF...')
#3 C:\xampp\htdocs\sbatMatrimony\server\system\Database\BaseBuilder.php(2035): CodeIgniter\Database\BaseConnection->query('SELECT `toId`\nF...', Array, false)
#4 C:\xampp\htdocs\sbatMatrimony\server\app\Controllers\Login.php(61): CodeIgniter\Database\BaseBuilder->getWhere(Array)
#5 C:\xampp\htdocs\sbatMatrimony\server\system\CodeIgniter.php(936): App\Controllers\Login->signin()
#6 C:\xampp\htdocs\sbatMatrimony\server\system\CodeIgniter.php(432): CodeIgniter\CodeIgniter->runController(Object(App\Controllers\Login))
#7 C:\xampp\htdocs\sbatMatrimony\server\system\CodeIgniter.php(333): CodeIgniter\CodeIgniter->handleRequest(NULL, Object(Config\Cache), false)
#8 C:\xampp\htdocs\sbatMatrimony\server\index.php(44): CodeIgniter\CodeIgniter->run()
#9 {main}
CRITICAL - 2021-10-27 05:53:03 --> Unknown column 'toId' in 'field list'
#0 C:\xampp\htdocs\sbatMatrimony\server\system\Database\MySQLi\Connection.php(314): mysqli->query('SELECT `toId`\nF...')
#1 C:\xampp\htdocs\sbatMatrimony\server\system\Database\BaseConnection.php(713): CodeIgniter\Database\MySQLi\Connection->execute('SELECT `toId`\nF...')
#2 C:\xampp\htdocs\sbatMatrimony\server\system\Database\BaseConnection.php(641): CodeIgniter\Database\BaseConnection->simpleQuery('SELECT `toId`\nF...')
#3 C:\xampp\htdocs\sbatMatrimony\server\system\Database\BaseBuilder.php(2035): CodeIgniter\Database\BaseConnection->query('SELECT `toId`\nF...', Array, false)
#4 C:\xampp\htdocs\sbatMatrimony\server\app\Controllers\Login.php(61): CodeIgniter\Database\BaseBuilder->getWhere(Array)
#5 C:\xampp\htdocs\sbatMatrimony\server\system\CodeIgniter.php(936): App\Controllers\Login->signin()
#6 C:\xampp\htdocs\sbatMatrimony\server\system\CodeIgniter.php(432): CodeIgniter\CodeIgniter->runController(Object(App\Controllers\Login))
#7 C:\xampp\htdocs\sbatMatrimony\server\system\CodeIgniter.php(333): CodeIgniter\CodeIgniter->handleRequest(NULL, Object(Config\Cache), false)
#8 C:\xampp\htdocs\sbatMatrimony\server\index.php(44): CodeIgniter\CodeIgniter->run()
#9 {main}
CRITICAL - 2021-10-27 06:17:37 --> Undefined property: stdClass::$fromUser
#0 C:\xampp\htdocs\sbatMatrimony\server\app\Controllers\Login.php(65): CodeIgniter\Debug\Exceptions->errorHandler(8, 'Undefined prope...', 'C:\\xampp\\htdocs...', 65, Array)
#1 C:\xampp\htdocs\sbatMatrimony\server\system\CodeIgniter.php(936): App\Controllers\Login->signin()
#2 C:\xampp\htdocs\sbatMatrimony\server\system\CodeIgniter.php(432): CodeIgniter\CodeIgniter->runController(Object(App\Controllers\Login))
#3 C:\xampp\htdocs\sbatMatrimony\server\system\CodeIgniter.php(333): CodeIgniter\CodeIgniter->handleRequest(NULL, Object(Config\Cache), false)
#4 C:\xampp\htdocs\sbatMatrimony\server\index.php(44): CodeIgniter\CodeIgniter->run()
#5 {main}
CRITICAL - 2021-10-27 06:17:46 --> Undefined property: stdClass::$fromUser
#0 C:\xampp\htdocs\sbatMatrimony\server\app\Controllers\Login.php(65): CodeIgniter\Debug\Exceptions->errorHandler(8, 'Undefined prope...', 'C:\\xampp\\htdocs...', 65, Array)
#1 C:\xampp\htdocs\sbatMatrimony\server\system\CodeIgniter.php(936): App\Controllers\Login->signin()
#2 C:\xampp\htdocs\sbatMatrimony\server\system\CodeIgniter.php(432): CodeIgniter\CodeIgniter->runController(Object(App\Controllers\Login))
#3 C:\xampp\htdocs\sbatMatrimony\server\system\CodeIgniter.php(333): CodeIgniter\CodeIgniter->handleRequest(NULL, Object(Config\Cache), false)
#4 C:\xampp\htdocs\sbatMatrimony\server\index.php(44): CodeIgniter\CodeIgniter->run()
#5 {main}
INFO - 2021-10-27 06:39:39 --> Could not save interest data: ErrorException: Undefined offset: 0 in C:\xampp\htdocs\sbatMatrimony\server\app\Controllers\Interest.php:49
Stack trace:
#0 C:\xampp\htdocs\sbatMatrimony\server\app\Controllers\Interest.php(49): CodeIgniter\Debug\Exceptions->errorHandler(8, 'Undefined offse...', 'C:\\xampp\\htdocs...', 49, Array)
#1 C:\xampp\htdocs\sbatMatrimony\server\system\CodeIgniter.php(936): App\Controllers\Interest->save()
#2 C:\xampp\htdocs\sbatMatrimony\server\system\CodeIgniter.php(432): CodeIgniter\CodeIgniter->runController(Object(App\Controllers\Interest))
#3 C:\xampp\htdocs\sbatMatrimony\server\system\CodeIgniter.php(333): CodeIgniter\CodeIgniter->handleRequest(NULL, Object(Config\Cache), false)
#4 C:\xampp\htdocs\sbatMatrimony\server\index.php(44): CodeIgniter\CodeIgniter->run()
#5 {main}
INFO - 2021-10-27 07:20:27 --> Curated Query = SELECT
                            profile.profileId,
                            profile.profileNumber,
                            profile.userId,
                            profile.firstName,
                            profile.lastName,
                            CONCAT(
                                profile.firstName,
                                ' ',
                                profile.lastName
                            ) AS `fullName`,
                            profile.gender,
                            profile.dob,
                            profile.height,
                            profile.maritalStatus,
                            profile.city,
                            profile.state,
                            profile.highestEducation,
                            profile.occupation,
                            profile.income,
                            profile.desiredAgeGroup,
                            profile.desiredHeight,
                            profile.desiredMaritalStatus,
                            profile.status,
                            AGE_FROM_DOB(profile.dob) AS `age`,
                            artifact.artifactId,
                            artifact.avatarFileName
                        FROM
                            profile
                        LEFT JOIN artifact ON profile.userId = artifact.userId
                        WHERE AGE_FROM_DOB( profile.dob) >= SPLIT_STR('18-20','-',1) AND 
                         AGE_FROM_DOB( profile.dob) <= SPLIT_STR('18-20','-',2) AND  profile.height >= SPLIT_STR('30-40','-',1) AND 
                        profile.height <= SPLIT_STR('30-40','-',2) AND profile.gender != 'undefined' AND profile.userId != 6 AND profile.status = 'ACTIVE'
INFO - 2021-10-27 07:20:31 --> Curated Query = SELECT
                            profile.profileId,
                            profile.profileNumber,
                            profile.userId,
                            profile.firstName,
                            profile.lastName,
                            CONCAT(
                                profile.firstName,
                                ' ',
                                profile.lastName
                            ) AS `fullName`,
                            profile.gender,
                            profile.dob,
                            profile.height,
                            profile.maritalStatus,
                            profile.city,
                            profile.state,
                            profile.highestEducation,
                            profile.occupation,
                            profile.income,
                            profile.desiredAgeGroup,
                            profile.desiredHeight,
                            profile.desiredMaritalStatus,
                            profile.status,
                            AGE_FROM_DOB(profile.dob) AS `age`,
                            artifact.artifactId,
                            artifact.avatarFileName
                        FROM
                            profile
                        LEFT JOIN artifact ON profile.userId = artifact.userId
                        WHERE AGE_FROM_DOB( profile.dob) >= SPLIT_STR('18-20','-',1) AND 
                         AGE_FROM_DOB( profile.dob) <= SPLIT_STR('18-20','-',2) AND  profile.height >= SPLIT_STR('30-40','-',1) AND 
                        profile.height <= SPLIT_STR('30-40','-',2) AND 'Single,Widowed' 
                        LIKE CONCAT('%',profile.maritalStatus,'%') AND profile.gender != 'undefined' AND profile.userId != 6 AND profile.status = 'ACTIVE'
INFO - 2021-10-27 07:20:33 --> Curated Query = SELECT
                            profile.profileId,
                            profile.profileNumber,
                            profile.userId,
                            profile.firstName,
                            profile.lastName,
                            CONCAT(
                                profile.firstName,
                                ' ',
                                profile.lastName
                            ) AS `fullName`,
                            profile.gender,
                            profile.dob,
                            profile.height,
                            profile.maritalStatus,
                            profile.city,
                            profile.state,
                            profile.highestEducation,
                            profile.occupation,
                            profile.income,
                            profile.desiredAgeGroup,
                            profile.desiredHeight,
                            profile.desiredMaritalStatus,
                            profile.status,
                            AGE_FROM_DOB(profile.dob) AS `age`,
                            artifact.artifactId,
                            artifact.avatarFileName
                        FROM
                            profile
                        LEFT JOIN artifact ON profile.userId = artifact.userId
                        WHERE AGE_FROM_DOB( profile.dob) >= SPLIT_STR('18-20','-',1) AND 
                         AGE_FROM_DOB( profile.dob) <= SPLIT_STR('18-20','-',2) AND  profile.height >= SPLIT_STR('30-40','-',1) AND 
                        profile.height <= SPLIT_STR('30-40','-',2) AND 'Single,Widowed' 
                        LIKE CONCAT('%',profile.maritalStatus,'%') AND '' 
                        LIKE CONCAT('%',profile.caste,'%') AND profile.gender != 'undefined' AND profile.userId != 6 AND profile.status = 'ACTIVE'
INFO - 2021-10-27 07:20:34 --> Curated Query = SELECT
                            profile.profileId,
                            profile.profileNumber,
                            profile.userId,
                            profile.firstName,
                            profile.lastName,
                            CONCAT(
                                profile.firstName,
                                ' ',
                                profile.lastName
                            ) AS `fullName`,
                            profile.gender,
                            profile.dob,
                            profile.height,
                            profile.maritalStatus,
                            profile.city,
                            profile.state,
                            profile.highestEducation,
                            profile.occupation,
                            profile.income,
                            profile.desiredAgeGroup,
                            profile.desiredHeight,
                            profile.desiredMaritalStatus,
                            profile.status,
                            AGE_FROM_DOB(profile.dob) AS `age`,
                            artifact.artifactId,
                            artifact.avatarFileName
                        FROM
                            profile
                        LEFT JOIN artifact ON profile.userId = artifact.userId
                        WHERE AGE_FROM_DOB( profile.dob) >= SPLIT_STR('18-20','-',1) AND 
                         AGE_FROM_DOB( profile.dob) <= SPLIT_STR('18-20','-',2) AND  profile.height >= SPLIT_STR('30-40','-',1) AND 
                        profile.height <= SPLIT_STR('30-40','-',2) AND 'Single,Widowed' 
                        LIKE CONCAT('%',profile.maritalStatus,'%') AND '' 
                        LIKE CONCAT('%',profile.caste,'%') AND '' 
                        LIKE CONCAT('%',profile.gotra,'%') AND profile.gender != 'undefined' AND profile.userId != 6 AND profile.status = 'ACTIVE'
INFO - 2021-10-27 07:20:36 --> Curated Query = SELECT
                            profile.profileId,
                            profile.profileNumber,
                            profile.userId,
                            profile.firstName,
                            profile.lastName,
                            CONCAT(
                                profile.firstName,
                                ' ',
                                profile.lastName
                            ) AS `fullName`,
                            profile.gender,
                            profile.dob,
                            profile.height,
                            profile.maritalStatus,
                            profile.city,
                            profile.state,
                            profile.highestEducation,
                            profile.occupation,
                            profile.income,
                            profile.desiredAgeGroup,
                            profile.desiredHeight,
                            profile.desiredMaritalStatus,
                            profile.status,
                            AGE_FROM_DOB(profile.dob) AS `age`,
                            artifact.artifactId,
                            artifact.avatarFileName
                        FROM
                            profile
                        LEFT JOIN artifact ON profile.userId = artifact.userId
                        WHERE AGE_FROM_DOB( profile.dob) >= SPLIT_STR('18-20','-',1) AND 
                         AGE_FROM_DOB( profile.dob) <= SPLIT_STR('18-20','-',2) AND  profile.height >= SPLIT_STR('30-40','-',1) AND 
                        profile.height <= SPLIT_STR('30-40','-',2) AND 'Single,Widowed' 
                        LIKE CONCAT('%',profile.maritalStatus,'%') AND '' 
                        LIKE CONCAT('%',profile.caste,'%') AND profile.gender != 'undefined' AND profile.userId != 6 AND profile.status = 'ACTIVE'
INFO - 2021-10-27 07:20:36 --> Curated Query = SELECT
                            profile.profileId,
                            profile.profileNumber,
                            profile.userId,
                            profile.firstName,
                            profile.lastName,
                            CONCAT(
                                profile.firstName,
                                ' ',
                                profile.lastName
                            ) AS `fullName`,
                            profile.gender,
                            profile.dob,
                            profile.height,
                            profile.maritalStatus,
                            profile.city,
                            profile.state,
                            profile.highestEducation,
                            profile.occupation,
                            profile.income,
                            profile.desiredAgeGroup,
                            profile.desiredHeight,
                            profile.desiredMaritalStatus,
                            profile.status,
                            AGE_FROM_DOB(profile.dob) AS `age`,
                            artifact.artifactId,
                            artifact.avatarFileName
                        FROM
                            profile
                        LEFT JOIN artifact ON profile.userId = artifact.userId
                        WHERE AGE_FROM_DOB( profile.dob) >= SPLIT_STR('18-20','-',1) AND 
                         AGE_FROM_DOB( profile.dob) <= SPLIT_STR('18-20','-',2) AND  profile.height >= SPLIT_STR('30-40','-',1) AND 
                        profile.height <= SPLIT_STR('30-40','-',2) AND 'Single,Widowed' 
                        LIKE CONCAT('%',profile.maritalStatus,'%') AND profile.gender != 'undefined' AND profile.userId != 6 AND profile.status = 'ACTIVE'
INFO - 2021-10-27 07:20:36 --> Curated Query = SELECT
                            profile.profileId,
                            profile.profileNumber,
                            profile.userId,
                            profile.firstName,
                            profile.lastName,
                            CONCAT(
                                profile.firstName,
                                ' ',
                                profile.lastName
                            ) AS `fullName`,
                            profile.gender,
                            profile.dob,
                            profile.height,
                            profile.maritalStatus,
                            profile.city,
                            profile.state,
                            profile.highestEducation,
                            profile.occupation,
                            profile.income,
                            profile.desiredAgeGroup,
                            profile.desiredHeight,
                            profile.desiredMaritalStatus,
                            profile.status,
                            AGE_FROM_DOB(profile.dob) AS `age`,
                            artifact.artifactId,
                            artifact.avatarFileName
                        FROM
                            profile
                        LEFT JOIN artifact ON profile.userId = artifact.userId
                        WHERE AGE_FROM_DOB( profile.dob) >= SPLIT_STR('18-20','-',1) AND 
                         AGE_FROM_DOB( profile.dob) <= SPLIT_STR('18-20','-',2) AND  profile.height >= SPLIT_STR('30-40','-',1) AND 
                        profile.height <= SPLIT_STR('30-40','-',2) AND profile.gender != 'undefined' AND profile.userId != 6 AND profile.status = 'ACTIVE'
INFO - 2021-10-27 07:20:38 --> Curated Query = SELECT
                            profile.profileId,
                            profile.profileNumber,
                            profile.userId,
                            profile.firstName,
                            profile.lastName,
                            CONCAT(
                                profile.firstName,
                                ' ',
                                profile.lastName
                            ) AS `fullName`,
                            profile.gender,
                            profile.dob,
                            profile.height,
                            profile.maritalStatus,
                            profile.city,
                            profile.state,
                            profile.highestEducation,
                            profile.occupation,
                            profile.income,
                            profile.desiredAgeGroup,
                            profile.desiredHeight,
                            profile.desiredMaritalStatus,
                            profile.status,
                            AGE_FROM_DOB(profile.dob) AS `age`,
                            artifact.artifactId,
                            artifact.avatarFileName
                        FROM
                            profile
                        LEFT JOIN artifact ON profile.userId = artifact.userId
                        WHERE AGE_FROM_DOB( profile.dob) >= SPLIT_STR('18-20','-',1) AND 
                         AGE_FROM_DOB( profile.dob) <= SPLIT_STR('18-20','-',2) AND profile.gender != 'undefined' AND profile.userId != 6 AND profile.status = 'ACTIVE'
INFO - 2021-10-27 07:21:20 --> Curated Query = SELECT
                            profile.profileId,
                            profile.profileNumber,
                            profile.userId,
                            profile.firstName,
                            profile.lastName,
                            CONCAT(
                                profile.firstName,
                                ' ',
                                profile.lastName
                            ) AS `fullName`,
                            profile.gender,
                            profile.dob,
                            profile.height,
                            profile.maritalStatus,
                            profile.city,
                            profile.state,
                            profile.highestEducation,
                            profile.occupation,
                            profile.income,
                            profile.desiredAgeGroup,
                            profile.desiredHeight,
                            profile.desiredMaritalStatus,
                            profile.status,
                            AGE_FROM_DOB(profile.dob) AS `age`,
                            artifact.artifactId,
                            artifact.avatarFileName
                        FROM
                            profile
                        LEFT JOIN artifact ON profile.userId = artifact.userId
                        WHERE AGE_FROM_DOB( profile.dob) >= SPLIT_STR('18-20','-',1) AND 
                         AGE_FROM_DOB( profile.dob) <= SPLIT_STR('18-20','-',2) AND  profile.height >= SPLIT_STR('30-40','-',1) AND 
                        profile.height <= SPLIT_STR('30-40','-',2) AND profile.gender != 'undefined' AND profile.userId != 6 AND profile.status = 'ACTIVE'
INFO - 2021-10-27 07:21:22 --> Curated Query = SELECT
                            profile.profileId,
                            profile.profileNumber,
                            profile.userId,
                            profile.firstName,
                            profile.lastName,
                            CONCAT(
                                profile.firstName,
                                ' ',
                                profile.lastName
                            ) AS `fullName`,
                            profile.gender,
                            profile.dob,
                            profile.height,
                            profile.maritalStatus,
                            profile.city,
                            profile.state,
                            profile.highestEducation,
                            profile.occupation,
                            profile.income,
                            profile.desiredAgeGroup,
                            profile.desiredHeight,
                            profile.desiredMaritalStatus,
                            profile.status,
                            AGE_FROM_DOB(profile.dob) AS `age`,
                            artifact.artifactId,
                            artifact.avatarFileName
                        FROM
                            profile
                        LEFT JOIN artifact ON profile.userId = artifact.userId
                        WHERE AGE_FROM_DOB( profile.dob) >= SPLIT_STR('18-20','-',1) AND 
                         AGE_FROM_DOB( profile.dob) <= SPLIT_STR('18-20','-',2) AND profile.gender != 'undefined' AND profile.userId != 6 AND profile.status = 'ACTIVE'
