INFO - 2021-09-29 02:56:12 --> Token error: Firebase\JWT\ExpiredException: Expired token in C:\xampp\htdocs\sbatMatrimony\server\vendor\firebase\php-jwt\src\JWT.php:149
Stack trace:
#0 C:\xampp\htdocs\sbatMatrimony\server\app\Libraries\Apiserver.php(32): Firebase\JWT\JWT::decode('eyJ0eXAiOiJKV1Q...', 'NklOUDFSNThVUXV...', Array)
#1 C:\xampp\htdocs\sbatMatrimony\server\app\Controllers\RestApiBaseController.php(25): App\Libraries\Apiserver->validateToken('eyJ0eXAiOiJKV1Q...')
#2 C:\xampp\htdocs\sbatMatrimony\server\app\Controllers\Listing.php(19): App\Controllers\RestApiBaseController->__construct()
#3 C:\xampp\htdocs\sbatMatrimony\server\system\CodeIgniter.php(908): App\Controllers\Listing->__construct()
#4 C:\xampp\htdocs\sbatMatrimony\server\system\CodeIgniter.php(422): CodeIgniter\CodeIgniter->createController()
#5 C:\xampp\htdocs\sbatMatrimony\server\system\CodeIgniter.php(333): CodeIgniter\CodeIgniter->handleRequest(NULL, Object(Config\Cache), false)
#6 C:\xampp\htdocs\sbatMatrimony\server\index.php(44): CodeIgniter\CodeIgniter->run()
#7 {main}
INFO - 2021-09-29 03:43:17 --> Token error: Firebase\JWT\ExpiredException: Expired token in C:\xampp\htdocs\sbatMatrimony\server\vendor\firebase\php-jwt\src\JWT.php:149
Stack trace:
#0 C:\xampp\htdocs\sbatMatrimony\server\app\Libraries\Apiserver.php(32): Firebase\JWT\JWT::decode('eyJ0eXAiOiJKV1Q...', 'NklOUDFSNThVUXV...', Array)
#1 C:\xampp\htdocs\sbatMatrimony\server\app\Controllers\RestApiBaseController.php(25): App\Libraries\Apiserver->validateToken('eyJ0eXAiOiJKV1Q...')
#2 C:\xampp\htdocs\sbatMatrimony\server\app\Controllers\Listing.php(19): App\Controllers\RestApiBaseController->__construct()
#3 C:\xampp\htdocs\sbatMatrimony\server\system\CodeIgniter.php(908): App\Controllers\Listing->__construct()
#4 C:\xampp\htdocs\sbatMatrimony\server\system\CodeIgniter.php(422): CodeIgniter\CodeIgniter->createController()
#5 C:\xampp\htdocs\sbatMatrimony\server\system\CodeIgniter.php(333): CodeIgniter\CodeIgniter->handleRequest(NULL, Object(Config\Cache), false)
#6 C:\xampp\htdocs\sbatMatrimony\server\index.php(44): CodeIgniter\CodeIgniter->run()
#7 {main}
INFO - 2021-09-29 04:16:10 --> Token error: Firebase\JWT\ExpiredException: Expired token in C:\xampp\htdocs\sbatMatrimony\server\vendor\firebase\php-jwt\src\JWT.php:149
Stack trace:
#0 C:\xampp\htdocs\sbatMatrimony\server\app\Libraries\Apiserver.php(32): Firebase\JWT\JWT::decode('eyJ0eXAiOiJKV1Q...', 'NklOUDFSNThVUXV...', Array)
#1 C:\xampp\htdocs\sbatMatrimony\server\app\Controllers\RestApiBaseController.php(25): App\Libraries\Apiserver->validateToken('eyJ0eXAiOiJKV1Q...')
#2 C:\xampp\htdocs\sbatMatrimony\server\app\Controllers\Listing.php(19): App\Controllers\RestApiBaseController->__construct()
#3 C:\xampp\htdocs\sbatMatrimony\server\system\CodeIgniter.php(908): App\Controllers\Listing->__construct()
#4 C:\xampp\htdocs\sbatMatrimony\server\system\CodeIgniter.php(422): CodeIgniter\CodeIgniter->createController()
#5 C:\xampp\htdocs\sbatMatrimony\server\system\CodeIgniter.php(333): CodeIgniter\CodeIgniter->handleRequest(NULL, Object(Config\Cache), false)
#6 C:\xampp\htdocs\sbatMatrimony\server\index.php(44): CodeIgniter\CodeIgniter->run()
#7 {main}
INFO - 2021-09-29 04:16:30 --> Token error: UnexpectedValueException: Wrong number of segments in C:\xampp\htdocs\sbatMatrimony\server\vendor\firebase\php-jwt\src\JWT.php:88
Stack trace:
#0 C:\xampp\htdocs\sbatMatrimony\server\app\Libraries\Apiserver.php(32): Firebase\JWT\JWT::decode('null', 'NklOUDFSNThVUXV...', Array)
#1 C:\xampp\htdocs\sbatMatrimony\server\app\Controllers\RestApiBaseController.php(25): App\Libraries\Apiserver->validateToken('null')
#2 C:\xampp\htdocs\sbatMatrimony\server\app\Controllers\Listing.php(19): App\Controllers\RestApiBaseController->__construct()
#3 C:\xampp\htdocs\sbatMatrimony\server\system\CodeIgniter.php(908): App\Controllers\Listing->__construct()
#4 C:\xampp\htdocs\sbatMatrimony\server\system\CodeIgniter.php(422): CodeIgniter\CodeIgniter->createController()
#5 C:\xampp\htdocs\sbatMatrimony\server\system\CodeIgniter.php(333): CodeIgniter\CodeIgniter->handleRequest(NULL, Object(Config\Cache), false)
#6 C:\xampp\htdocs\sbatMatrimony\server\index.php(44): CodeIgniter\CodeIgniter->run()
#7 {main}
INFO - 2021-09-29 04:18:14 --> Token error: UnexpectedValueException: Wrong number of segments in C:\xampp\htdocs\sbatMatrimony\server\vendor\firebase\php-jwt\src\JWT.php:88
Stack trace:
#0 C:\xampp\htdocs\sbatMatrimony\server\app\Libraries\Apiserver.php(32): Firebase\JWT\JWT::decode('null', 'NklOUDFSNThVUXV...', Array)
#1 C:\xampp\htdocs\sbatMatrimony\server\app\Controllers\RestApiBaseController.php(25): App\Libraries\Apiserver->validateToken('null')
#2 C:\xampp\htdocs\sbatMatrimony\server\app\Controllers\Listing.php(19): App\Controllers\RestApiBaseController->__construct()
#3 C:\xampp\htdocs\sbatMatrimony\server\system\CodeIgniter.php(908): App\Controllers\Listing->__construct()
#4 C:\xampp\htdocs\sbatMatrimony\server\system\CodeIgniter.php(422): CodeIgniter\CodeIgniter->createController()
#5 C:\xampp\htdocs\sbatMatrimony\server\system\CodeIgniter.php(333): CodeIgniter\CodeIgniter->handleRequest(NULL, Object(Config\Cache), false)
#6 C:\xampp\htdocs\sbatMatrimony\server\index.php(44): CodeIgniter\CodeIgniter->run()
#7 {main}
INFO - 2021-09-29 04:52:54 --> Token error: Firebase\JWT\ExpiredException: Expired token in C:\xampp\htdocs\sbatMatrimony\server\vendor\firebase\php-jwt\src\JWT.php:149
Stack trace:
#0 C:\xampp\htdocs\sbatMatrimony\server\app\Libraries\Apiserver.php(32): Firebase\JWT\JWT::decode('eyJ0eXAiOiJKV1Q...', 'NklOUDFSNThVUXV...', Array)
#1 C:\xampp\htdocs\sbatMatrimony\server\app\Controllers\RestApiBaseController.php(25): App\Libraries\Apiserver->validateToken('eyJ0eXAiOiJKV1Q...')
#2 C:\xampp\htdocs\sbatMatrimony\server\app\Controllers\Listing.php(19): App\Controllers\RestApiBaseController->__construct()
#3 C:\xampp\htdocs\sbatMatrimony\server\system\CodeIgniter.php(908): App\Controllers\Listing->__construct()
#4 C:\xampp\htdocs\sbatMatrimony\server\system\CodeIgniter.php(422): CodeIgniter\CodeIgniter->createController()
#5 C:\xampp\htdocs\sbatMatrimony\server\system\CodeIgniter.php(333): CodeIgniter\CodeIgniter->handleRequest(NULL, Object(Config\Cache), false)
#6 C:\xampp\htdocs\sbatMatrimony\server\index.php(44): CodeIgniter\CodeIgniter->run()
#7 {main}
INFO - 2021-09-29 07:07:25 --> Token error: Firebase\JWT\ExpiredException: Expired token in C:\xampp\htdocs\sbatMatrimony\server\vendor\firebase\php-jwt\src\JWT.php:149
Stack trace:
#0 C:\xampp\htdocs\sbatMatrimony\server\app\Libraries\Apiserver.php(32): Firebase\JWT\JWT::decode('eyJ0eXAiOiJKV1Q...', 'NklOUDFSNThVUXV...', Array)
#1 C:\xampp\htdocs\sbatMatrimony\server\app\Controllers\RestApiBaseController.php(25): App\Libraries\Apiserver->validateToken('eyJ0eXAiOiJKV1Q...')
#2 C:\xampp\htdocs\sbatMatrimony\server\app\Controllers\Profile.php(19): App\Controllers\RestApiBaseController->__construct()
#3 C:\xampp\htdocs\sbatMatrimony\server\system\CodeIgniter.php(908): App\Controllers\Profile->__construct()
#4 C:\xampp\htdocs\sbatMatrimony\server\system\CodeIgniter.php(422): CodeIgniter\CodeIgniter->createController()
#5 C:\xampp\htdocs\sbatMatrimony\server\system\CodeIgniter.php(333): CodeIgniter\CodeIgniter->handleRequest(NULL, Object(Config\Cache), false)
#6 C:\xampp\htdocs\sbatMatrimony\server\index.php(44): CodeIgniter\CodeIgniter->run()
#7 {main}
INFO - 2021-09-29 07:07:34 --> Token error: UnexpectedValueException: Wrong number of segments in C:\xampp\htdocs\sbatMatrimony\server\vendor\firebase\php-jwt\src\JWT.php:88
Stack trace:
#0 C:\xampp\htdocs\sbatMatrimony\server\app\Libraries\Apiserver.php(32): Firebase\JWT\JWT::decode('null', 'NklOUDFSNThVUXV...', Array)
#1 C:\xampp\htdocs\sbatMatrimony\server\app\Controllers\RestApiBaseController.php(25): App\Libraries\Apiserver->validateToken('null')
#2 C:\xampp\htdocs\sbatMatrimony\server\app\Controllers\Profile.php(19): App\Controllers\RestApiBaseController->__construct()
#3 C:\xampp\htdocs\sbatMatrimony\server\system\CodeIgniter.php(908): App\Controllers\Profile->__construct()
#4 C:\xampp\htdocs\sbatMatrimony\server\system\CodeIgniter.php(422): CodeIgniter\CodeIgniter->createController()
#5 C:\xampp\htdocs\sbatMatrimony\server\system\CodeIgniter.php(333): CodeIgniter\CodeIgniter->handleRequest(NULL, Object(Config\Cache), false)
#6 C:\xampp\htdocs\sbatMatrimony\server\index.php(44): CodeIgniter\CodeIgniter->run()
#7 {main}
CRITICAL - 2021-09-29 07:25:04 --> Undefined property: stdClass::$userId
#0 C:\xampp\htdocs\sbatMatrimony\server\app\Controllers\Login.php(51): CodeIgniter\Debug\Exceptions->errorHandler(8, 'Undefined prope...', 'C:\\xampp\\htdocs...', 51, Array)
#1 C:\xampp\htdocs\sbatMatrimony\server\system\CodeIgniter.php(936): App\Controllers\Login->signin()
#2 C:\xampp\htdocs\sbatMatrimony\server\system\CodeIgniter.php(432): CodeIgniter\CodeIgniter->runController(Object(App\Controllers\Login))
#3 C:\xampp\htdocs\sbatMatrimony\server\system\CodeIgniter.php(333): CodeIgniter\CodeIgniter->handleRequest(NULL, Object(Config\Cache), false)
#4 C:\xampp\htdocs\sbatMatrimony\server\index.php(44): CodeIgniter\CodeIgniter->run()
#5 {main}
CRITICAL - 2021-09-29 07:25:09 --> Undefined property: stdClass::$userId
#0 C:\xampp\htdocs\sbatMatrimony\server\app\Controllers\Login.php(51): CodeIgniter\Debug\Exceptions->errorHandler(8, 'Undefined prope...', 'C:\\xampp\\htdocs...', 51, Array)
#1 C:\xampp\htdocs\sbatMatrimony\server\system\CodeIgniter.php(936): App\Controllers\Login->signin()
#2 C:\xampp\htdocs\sbatMatrimony\server\system\CodeIgniter.php(432): CodeIgniter\CodeIgniter->runController(Object(App\Controllers\Login))
#3 C:\xampp\htdocs\sbatMatrimony\server\system\CodeIgniter.php(333): CodeIgniter\CodeIgniter->handleRequest(NULL, Object(Config\Cache), false)
#4 C:\xampp\htdocs\sbatMatrimony\server\index.php(44): CodeIgniter\CodeIgniter->run()
#5 {main}
CRITICAL - 2021-09-29 07:25:16 --> Undefined property: stdClass::$userId
#0 C:\xampp\htdocs\sbatMatrimony\server\app\Controllers\Login.php(51): CodeIgniter\Debug\Exceptions->errorHandler(8, 'Undefined prope...', 'C:\\xampp\\htdocs...', 51, Array)
#1 C:\xampp\htdocs\sbatMatrimony\server\system\CodeIgniter.php(936): App\Controllers\Login->signin()
#2 C:\xampp\htdocs\sbatMatrimony\server\system\CodeIgniter.php(432): CodeIgniter\CodeIgniter->runController(Object(App\Controllers\Login))
#3 C:\xampp\htdocs\sbatMatrimony\server\system\CodeIgniter.php(333): CodeIgniter\CodeIgniter->handleRequest(NULL, Object(Config\Cache), false)
#4 C:\xampp\htdocs\sbatMatrimony\server\index.php(44): CodeIgniter\CodeIgniter->run()
#5 {main}
CRITICAL - 2021-09-29 07:25:23 --> Undefined property: stdClass::$userId
#0 C:\xampp\htdocs\sbatMatrimony\server\app\Controllers\Login.php(51): CodeIgniter\Debug\Exceptions->errorHandler(8, 'Undefined prope...', 'C:\\xampp\\htdocs...', 51, Array)
#1 C:\xampp\htdocs\sbatMatrimony\server\system\CodeIgniter.php(936): App\Controllers\Login->signin()
#2 C:\xampp\htdocs\sbatMatrimony\server\system\CodeIgniter.php(432): CodeIgniter\CodeIgniter->runController(Object(App\Controllers\Login))
#3 C:\xampp\htdocs\sbatMatrimony\server\system\CodeIgniter.php(333): CodeIgniter\CodeIgniter->handleRequest(NULL, Object(Config\Cache), false)
#4 C:\xampp\htdocs\sbatMatrimony\server\index.php(44): CodeIgniter\CodeIgniter->run()
#5 {main}
ERROR - 2021-09-29 09:47:16 --> email sending status
